2025-03-04 08:32:52,519 DEBUG    root            Loaded Command Group: ['gcloud', 'auth']
2025-03-04 08:32:52,547 DEBUG    root            Loaded Command Group: ['gcloud', 'auth', 'login']
2025-03-04 08:32:52,551 DEBUG    root            Running [gcloud.auth.login] with arguments: []
2025-03-04 08:32:52,622 DEBUG    requests_oauthlib.oauth2_session Generated new state MHKiEinB3OYCbXqanwUBTfIhYoQ31V.
2025-03-04 08:32:52,623 INFO     ___FILE_ONLY___ Go to the following link in your browser, and complete the sign-in prompts:

    https://accounts.google.com/o/oauth2/auth?response_type=code&client_id=32555940559.apps.googleusercontent.com&redirect_uri=https%3A%2F%2Fsdk.cloud.google.com%2Fauthcode.html&scope=openid+https%3A%2F%2Fwww.googleapis.com%2Fauth%2Fuserinfo.email+https%3A%2F%2Fwww.googleapis.com%2Fauth%2Fcloud-platform+https%3A%2F%2Fwww.googleapis.com%2Fauth%2Fappengine.admin+https%3A%2F%2Fwww.googleapis.com%2Fauth%2Fsqlservice.login+https%3A%2F%2Fwww.googleapis.com%2Fauth%2Fcompute+https%3A%2F%2Fwww.googleapis.com%2Fauth%2Faccounts.reauth&state=MHKiEinB3OYCbXqanwUBTfIhYoQ31V&prompt=consent&token_usage=remote&access_type=offline&code_challenge=2HuSgXLdiFaXohLiuyVKPsfFXkMzzBgRjlotLHDIYuE&code_challenge_method=S256


2025-03-04 08:34:00,775 DEBUG    requests_oauthlib.oauth2_session Requesting url https://oauth2.googleapis.com/token using method POST.
2025-03-04 08:34:00,776 DEBUG    requests_oauthlib.oauth2_session Supplying headers {b'Accept': b'application/json', b'Content-Type': b'application/x-www-form-urlencoded;charset=UTF-8', b'user-agent': b'google-cloud-sdk gcloud/512.0.0 command/gcloud.auth.login invocation-id/57c1d80ae46b49958a05355fd3ab4368 environment/None environment-version/None client-os/LINUX client-os-ver/6.1.85 client-pltf-arch/x86_64 interactive/True from-script/True python/3.11.11 term/xterm-color (Linux 6.1.85+)'} and data {'grant_type': 'authorization_code', 'client_id': '32555940559.apps.googleusercontent.com', 'client_secret': 'ZmssLNjJy2998hD4CTg2ejr2', 'code': '4/0AQSTgQEyVToJ9HKojwoTQQ-_2s8j7wP3Qwb1vw3--yDUsqHzuX9tBaEDTztFqpQn4m3UbA', 'redirect_uri': 'https://sdk.cloud.google.com/authcode.html', 'code_verifier': 'xoty8v1MGisk90kTZzeX1hYLis4IekSFLJX.fNmVdySXfVROcri-bZ_._VMyrr6.qV5GU7teGTNypy8og4vPdKLwYyzq_9KtvZSIQNivtCiQwyb6yvcV~3RI0WcBzOuK'}
2025-03-04 08:34:00,776 DEBUG    requests_oauthlib.oauth2_session Passing through key word arguments {'json': None, 'timeout': None, 'auth': None, 'verify': None, 'proxies': None}.
2025-03-04 08:34:00,778 DEBUG    urllib3.connectionpool Starting new HTTPS connection (1): oauth2.googleapis.com:443
2025-03-04 08:34:00,848 DEBUG    urllib3.connectionpool https://oauth2.googleapis.com:443 "POST /token HTTP/11" 200 None
2025-03-04 08:34:00,849 DEBUG    requests_oauthlib.oauth2_session Prepared fetch token request body grant_type=authorization_code&client_id=32555940559.apps.googleusercontent.com&client_secret=ZmssLNjJy2998hD4CTg2ejr2&code=4%2F0AQSTgQEyVToJ9HKojwoTQQ-_2s8j7wP3Qwb1vw3--yDUsqHzuX9tBaEDTztFqpQn4m3UbA&redirect_uri=https%3A%2F%2Fsdk.cloud.google.com%2Fauthcode.html&code_verifier=xoty8v1MGisk90kTZzeX1hYLis4IekSFLJX.fNmVdySXfVROcri-bZ_._VMyrr6.qV5GU7teGTNypy8og4vPdKLwYyzq_9KtvZSIQNivtCiQwyb6yvcV~3RI0WcBzOuK
2025-03-04 08:34:00,849 DEBUG    requests_oauthlib.oauth2_session Request to fetch token completed with status 200.
2025-03-04 08:34:00,849 DEBUG    requests_oauthlib.oauth2_session Request headers were {'user-agent': b'google-cloud-sdk gcloud/512.0.0 command/gcloud.auth.login invocation-id/57c1d80ae46b49958a05355fd3ab4368 environment/None environment-version/None client-os/LINUX client-os-ver/6.1.85 client-pltf-arch/x86_64 interactive/True from-script/True python/3.11.11 term/xterm-color (Linux 6.1.85+)', 'Accept-Encoding': 'gzip, deflate', 'Accept': b'application/json', 'Connection': 'keep-alive', 'Content-Type': b'application/x-www-form-urlencoded;charset=UTF-8', 'Content-Length': '405'}
2025-03-04 08:34:00,849 DEBUG    requests_oauthlib.oauth2_session Request body was grant_type=authorization_code&client_id=32555940559.apps.googleusercontent.com&client_secret=ZmssLNjJy2998hD4CTg2ejr2&code=4%2F0AQSTgQEyVToJ9HKojwoTQQ-_2s8j7wP3Qwb1vw3--yDUsqHzuX9tBaEDTztFqpQn4m3UbA&redirect_uri=https%3A%2F%2Fsdk.cloud.google.com%2Fauthcode.html&code_verifier=xoty8v1MGisk90kTZzeX1hYLis4IekSFLJX.fNmVdySXfVROcri-bZ_._VMyrr6.qV5GU7teGTNypy8og4vPdKLwYyzq_9KtvZSIQNivtCiQwyb6yvcV~3RI0WcBzOuK
2025-03-04 08:34:00,849 DEBUG    requests_oauthlib.oauth2_session Response headers were {'Date': 'Tue, 04 Mar 2025 08:34:00 GMT', 'Pragma': 'no-cache', 'Cache-Control': 'no-cache, no-store, max-age=0, must-revalidate', 'Expires': 'Mon, 01 Jan 1990 00:00:00 GMT', 'Content-Type': 'application/json; charset=utf-8', 'Vary': 'Origin, X-Origin, Referer', 'Content-Encoding': 'gzip', 'Server': 'scaffolding on HTTPServer2', 'X-XSS-Protection': '0', 'X-Frame-Options': 'SAMEORIGIN', 'X-Content-Type-Options': 'nosniff', 'Transfer-Encoding': 'chunked'} and content {
  "access_token": "ya29.a0AeXRPp4F5WCVX6UpcK5Pmr_yzTiz3YAJeP6ZwEAMIHGaja9OUCy0AHsOyMyttLRD64CVzzcV8irm1zoocN7BgWGxlv_HXRhR_x3P3anWQe8qVYkRus3sw4GlDtWi5rXxkqe3A8okZohWZNNgeoyPcj9FvbTOVgcFguSGGqMfo5zJiQaCgYKAQgSARISFQHGX2Mi9UOPpIRNBQSLwdY1f1CCVQ0181",
  "expires_in": 3599,
  "refresh_token": "1//05PsXsI9ebEASCgYIARAAGAUSNwF-L9IryhOAiHUeWqL2dMSJXxMxUTQMcJ7wIVVfmpZNXcU6DKeYFoeVu1FK1KpLnUEUZKiSrQ8",
  "scope": "https://www.googleapis.com/auth/appengine.admin openid https://www.googleapis.com/auth/accounts.reauth https://www.googleapis.com/auth/cloud-platform https://www.googleapis.com/auth/compute https://www.googleapis.com/auth/sqlservice.login https://www.googleapis.com/auth/userinfo.email",
  "token_type": "Bearer",
  "id_token": "eyJhbGciOiJSUzI1NiIsImtpZCI6IjI1ZjgyMTE3MTM3ODhiNjE0NTQ3NGI1MDI5YjAxNDFiZDViM2RlOWMiLCJ0eXAiOiJKV1QifQ.eyJpc3MiOiJodHRwczovL2FjY291bnRzLmdvb2dsZS5jb20iLCJhenAiOiIzMjU1NTk0MDU1OS5hcHBzLmdvb2dsZXVzZXJjb250ZW50LmNvbSIsImF1ZCI6IjMyNTU1OTQwNTU5LmFwcHMuZ29vZ2xldXNlcmNvbnRlbnQuY29tIiwic3ViIjoiMTA5NTM1MjM0NzM0NjM1MTAxMTgwIiwiaGQiOiJ0bWQuY28ua2UiLCJlbWFpbCI6ImF1Z3VzdGluZS5tdWdlbmRpQHRtZC5jby5rZSIsImVtYWlsX3ZlcmlmaWVkIjp0cnVlLCJhdF9oYXNoIjoiMldBV0Zvclk0c1NwbmJEMEVXWEdwdyIsImlhdCI6MTc0MTA3NzI0MCwiZXhwIjoxNzQxMDgwODQwfQ.dP0eEMo5J3eSB3VVkl1iIDsXgmI0Q6-w91dJsFI-I6do7eMnS9PTycs7x-AOlYcILuqOQHQaJNBmLDbhm8VOKFoNGn-9_qGapeHMBNdK6h_ooYl3sIsuHxgAJWS86Ldev__g9kdn7I25RBkCvAOgIhPHugBFFk--ZgTsZbC2xQ_jT027KAdXSJy9dajI8c2c6EnrOyrI_J9PB8DxCjczDCGc-kuzmPOf-UCarZrq3bIyT2tvP8pOHJfaMmaej5fTjdI7MAJDixxEnBmTZXAdHrYoDoYch47Nx-8N2-e6B3AZXIerKM31zP1UJ-YtYNOCy7Oe31n2xrPaDhUqwrZECw"
}.
2025-03-04 08:34:00,849 DEBUG    requests_oauthlib.oauth2_session Invoking 0 token response hooks.
2025-03-04 08:34:00,850 DEBUG    requests_oauthlib.oauth2_session Obtained token {'access_token': 'ya29.a0AeXRPp4F5WCVX6UpcK5Pmr_yzTiz3YAJeP6ZwEAMIHGaja9OUCy0AHsOyMyttLRD64CVzzcV8irm1zoocN7BgWGxlv_HXRhR_x3P3anWQe8qVYkRus3sw4GlDtWi5rXxkqe3A8okZohWZNNgeoyPcj9FvbTOVgcFguSGGqMfo5zJiQaCgYKAQgSARISFQHGX2Mi9UOPpIRNBQSLwdY1f1CCVQ0181', 'expires_in': 3599, 'refresh_token': '1//05PsXsI9ebEASCgYIARAAGAUSNwF-L9IryhOAiHUeWqL2dMSJXxMxUTQMcJ7wIVVfmpZNXcU6DKeYFoeVu1FK1KpLnUEUZKiSrQ8', 'scope': ['https://www.googleapis.com/auth/appengine.admin', 'openid', 'https://www.googleapis.com/auth/accounts.reauth', 'https://www.googleapis.com/auth/cloud-platform', 'https://www.googleapis.com/auth/compute', 'https://www.googleapis.com/auth/sqlservice.login', 'https://www.googleapis.com/auth/userinfo.email'], 'token_type': 'Bearer', 'id_token': 'eyJhbGciOiJSUzI1NiIsImtpZCI6IjI1ZjgyMTE3MTM3ODhiNjE0NTQ3NGI1MDI5YjAxNDFiZDViM2RlOWMiLCJ0eXAiOiJKV1QifQ.eyJpc3MiOiJodHRwczovL2FjY291bnRzLmdvb2dsZS5jb20iLCJhenAiOiIzMjU1NTk0MDU1OS5hcHBzLmdvb2dsZXVzZXJjb250ZW50LmNvbSIsImF1ZCI6IjMyNTU1OTQwNTU5LmFwcHMuZ29vZ2xldXNlcmNvbnRlbnQuY29tIiwic3ViIjoiMTA5NTM1MjM0NzM0NjM1MTAxMTgwIiwiaGQiOiJ0bWQuY28ua2UiLCJlbWFpbCI6ImF1Z3VzdGluZS5tdWdlbmRpQHRtZC5jby5rZSIsImVtYWlsX3ZlcmlmaWVkIjp0cnVlLCJhdF9oYXNoIjoiMldBV0Zvclk0c1NwbmJEMEVXWEdwdyIsImlhdCI6MTc0MTA3NzI0MCwiZXhwIjoxNzQxMDgwODQwfQ.dP0eEMo5J3eSB3VVkl1iIDsXgmI0Q6-w91dJsFI-I6do7eMnS9PTycs7x-AOlYcILuqOQHQaJNBmLDbhm8VOKFoNGn-9_qGapeHMBNdK6h_ooYl3sIsuHxgAJWS86Ldev__g9kdn7I25RBkCvAOgIhPHugBFFk--ZgTsZbC2xQ_jT027KAdXSJy9dajI8c2c6EnrOyrI_J9PB8DxCjczDCGc-kuzmPOf-UCarZrq3bIyT2tvP8pOHJfaMmaej5fTjdI7MAJDixxEnBmTZXAdHrYoDoYch47Nx-8N2-e6B3AZXIerKM31zP1UJ-YtYNOCy7Oe31n2xrPaDhUqwrZECw', 'expires_at': 1741080839.8499658}.
2025-03-04 08:34:00,904 INFO     ___FILE_ONLY___ 
You are now logged in as [augustine.mugendi@tmd.co.ke].
Your current project is [tmdk-ai].  You can change this setting by running:
  $ gcloud config set project PROJECT_ID

2025-03-04 08:34:00,905 DEBUG    root            Chosen display Format:none
2025-03-04 08:34:00,905 INFO     root            Display format: "none"
2025-03-04 08:34:00,937 DEBUG    root            SDK update checks are disabled.
