2025-03-04 19:29:39,112 DEBUG    root            Loaded Command Group: ['gcloud', 'auth']
2025-03-04 19:29:39,216 DEBUG    root            Loaded Command Group: ['gcloud', 'auth', 'login']
2025-03-04 19:29:39,219 DEBUG    root            Running [gcloud.auth.login] with arguments: []
2025-03-04 19:29:46,411 DEBUG    requests_oauthlib.oauth2_session Generated new state 3taGgw6FG7gVEaMTmMeQAwZufXjPW4.
2025-03-04 19:29:46,412 INFO     ___FILE_ONLY___ Go to the following link in your browser, and complete the sign-in prompts:

    https://accounts.google.com/o/oauth2/auth?response_type=code&client_id=32555940559.apps.googleusercontent.com&redirect_uri=https%3A%2F%2Fsdk.cloud.google.com%2Fauthcode.html&scope=openid+https%3A%2F%2Fwww.googleapis.com%2Fauth%2Fuserinfo.email+https%3A%2F%2Fwww.googleapis.com%2Fauth%2Fcloud-platform+https%3A%2F%2Fwww.googleapis.com%2Fauth%2Fappengine.admin+https%3A%2F%2Fwww.googleapis.com%2Fauth%2Fsqlservice.login+https%3A%2F%2Fwww.googleapis.com%2Fauth%2Fcompute+https%3A%2F%2Fwww.googleapis.com%2Fauth%2Faccounts.reauth&state=3taGgw6FG7gVEaMTmMeQAwZufXjPW4&prompt=consent&token_usage=remote&access_type=offline&code_challenge=EPdsU73E7TigUQvnBZEi0pwGfG37J7EmMtXt7Ns2H_0&code_challenge_method=S256


2025-03-04 19:30:15,773 DEBUG    requests_oauthlib.oauth2_session Requesting url https://oauth2.googleapis.com/token using method POST.
2025-03-04 19:30:15,773 DEBUG    requests_oauthlib.oauth2_session Supplying headers {b'Accept': b'application/json', b'Content-Type': b'application/x-www-form-urlencoded;charset=UTF-8', b'user-agent': b'google-cloud-sdk gcloud/512.0.0 command/gcloud.auth.login invocation-id/c710742c22da4145aa99f7c2f04085cd environment/GCE environment-version/None client-os/LINUX client-os-ver/6.1.85 client-pltf-arch/x86_64 interactive/True from-script/True python/3.11.11 term/xterm-color (Linux 6.1.85+)'} and data {'grant_type': 'authorization_code', 'client_id': '32555940559.apps.googleusercontent.com', 'client_secret': 'ZmssLNjJy2998hD4CTg2ejr2', 'code': '4/0AQSTgQHRFGf1AJO4x3UICBHTmY385J0ktslYEieuLg2qnMnT29rVGplhBVL87HoCeryBNA', 'redirect_uri': 'https://sdk.cloud.google.com/authcode.html', 'code_verifier': 'W0Teho09b2FOi2hryAAl8-yvdaFyWRN3ICz49Fvpq2qe8_kDw64luiT-XeiDE8fs6N0sTw8Ubzur-GvLvq5dgWTmC55HFzDHtuXK7841WDTe.LB~RiMDKZ4gC3qMppCo'}
2025-03-04 19:30:15,773 DEBUG    requests_oauthlib.oauth2_session Passing through key word arguments {'json': None, 'timeout': None, 'auth': None, 'verify': None, 'proxies': None}.
2025-03-04 19:30:15,774 DEBUG    urllib3.connectionpool Starting new HTTPS connection (1): oauth2.googleapis.com:443
2025-03-04 19:30:15,842 DEBUG    urllib3.connectionpool https://oauth2.googleapis.com:443 "POST /token HTTP/11" 200 None
2025-03-04 19:30:15,843 DEBUG    requests_oauthlib.oauth2_session Prepared fetch token request body grant_type=authorization_code&client_id=32555940559.apps.googleusercontent.com&client_secret=ZmssLNjJy2998hD4CTg2ejr2&code=4%2F0AQSTgQHRFGf1AJO4x3UICBHTmY385J0ktslYEieuLg2qnMnT29rVGplhBVL87HoCeryBNA&redirect_uri=https%3A%2F%2Fsdk.cloud.google.com%2Fauthcode.html&code_verifier=W0Teho09b2FOi2hryAAl8-yvdaFyWRN3ICz49Fvpq2qe8_kDw64luiT-XeiDE8fs6N0sTw8Ubzur-GvLvq5dgWTmC55HFzDHtuXK7841WDTe.LB~RiMDKZ4gC3qMppCo
2025-03-04 19:30:15,843 DEBUG    requests_oauthlib.oauth2_session Request to fetch token completed with status 200.
2025-03-04 19:30:15,843 DEBUG    requests_oauthlib.oauth2_session Request headers were {'user-agent': b'google-cloud-sdk gcloud/512.0.0 command/gcloud.auth.login invocation-id/c710742c22da4145aa99f7c2f04085cd environment/GCE environment-version/None client-os/LINUX client-os-ver/6.1.85 client-pltf-arch/x86_64 interactive/True from-script/True python/3.11.11 term/xterm-color (Linux 6.1.85+)', 'Accept-Encoding': 'gzip, deflate', 'Accept': b'application/json', 'Connection': 'keep-alive', 'Content-Type': b'application/x-www-form-urlencoded;charset=UTF-8', 'Content-Length': '405'}
2025-03-04 19:30:15,843 DEBUG    requests_oauthlib.oauth2_session Request body was grant_type=authorization_code&client_id=32555940559.apps.googleusercontent.com&client_secret=ZmssLNjJy2998hD4CTg2ejr2&code=4%2F0AQSTgQHRFGf1AJO4x3UICBHTmY385J0ktslYEieuLg2qnMnT29rVGplhBVL87HoCeryBNA&redirect_uri=https%3A%2F%2Fsdk.cloud.google.com%2Fauthcode.html&code_verifier=W0Teho09b2FOi2hryAAl8-yvdaFyWRN3ICz49Fvpq2qe8_kDw64luiT-XeiDE8fs6N0sTw8Ubzur-GvLvq5dgWTmC55HFzDHtuXK7841WDTe.LB~RiMDKZ4gC3qMppCo
2025-03-04 19:30:15,843 DEBUG    requests_oauthlib.oauth2_session Response headers were {'Pragma': 'no-cache', 'Cache-Control': 'no-cache, no-store, max-age=0, must-revalidate', 'Expires': 'Mon, 01 Jan 1990 00:00:00 GMT', 'Date': 'Tue, 04 Mar 2025 19:30:15 GMT', 'Content-Type': 'application/json; charset=utf-8', 'Vary': 'Origin, X-Origin, Referer', 'Content-Encoding': 'gzip', 'Server': 'scaffolding on HTTPServer2', 'X-XSS-Protection': '0', 'X-Frame-Options': 'SAMEORIGIN', 'X-Content-Type-Options': 'nosniff', 'Transfer-Encoding': 'chunked'} and content {
  "access_token": "ya29.a0AeXRPp79pMqXNgQdoWn-6fOFzDdMW3BySu5bbSx3iLQDUo4D7XKhjTn9i41zQhXF0LVJjXORB88z5DlGq2Ag6jQroIPU2PqxQvrSZdVYMj8HBxPxP9HoZG2GDPXwkzXBOZVUD65fdY3u2sw0UwFaSJOGEWersd_45Odi3cYGSHhKiQaCgYKAaASARISFQHGX2Mi_5n77GIToxyrCQCe4yeUxQ0181",
  "expires_in": 3599,
  "refresh_token": "1//04NOoDgvkRvXmCgYIARAAGAQSNwF-L9Irp_vak6mamfgq2GirZwcnMUaTqvP6nvaf_cMpY0fKe3l-C8MqqIe9aBbWTfb11tb7RHA",
  "scope": "https://www.googleapis.com/auth/appengine.admin https://www.googleapis.com/auth/cloud-platform https://www.googleapis.com/auth/compute https://www.googleapis.com/auth/sqlservice.login https://www.googleapis.com/auth/userinfo.email openid https://www.googleapis.com/auth/accounts.reauth",
  "token_type": "Bearer",
  "id_token": "eyJhbGciOiJSUzI1NiIsImtpZCI6IjI1ZjgyMTE3MTM3ODhiNjE0NTQ3NGI1MDI5YjAxNDFiZDViM2RlOWMiLCJ0eXAiOiJKV1QifQ.eyJpc3MiOiJodHRwczovL2FjY291bnRzLmdvb2dsZS5jb20iLCJhenAiOiIzMjU1NTk0MDU1OS5hcHBzLmdvb2dsZXVzZXJjb250ZW50LmNvbSIsImF1ZCI6IjMyNTU1OTQwNTU5LmFwcHMuZ29vZ2xldXNlcmNvbnRlbnQuY29tIiwic3ViIjoiMTA5NTM1MjM0NzM0NjM1MTAxMTgwIiwiaGQiOiJ0bWQuY28ua2UiLCJlbWFpbCI6ImF1Z3VzdGluZS5tdWdlbmRpQHRtZC5jby5rZSIsImVtYWlsX3ZlcmlmaWVkIjp0cnVlLCJhdF9oYXNoIjoiRllJVU9yTTJ1V3huVW5fOEVhNXV2USIsImlhdCI6MTc0MTExNjYxNSwiZXhwIjoxNzQxMTIwMjE1fQ.Pkp5jGIoOhY_xdHK3LpSCiVh8Gw3gELij2_l8MlrpCvt94AzYvvo07oBifHWVeUdFPHM-rKv_HoIgh3mKuJwZZqzv7FOTBWYEkw47XUxYlyjas_mWcFMpkwdiwPp4c3eO1wUbsDzXxJZSHQCREcxCt4ZrNazcP1AAlsmazAsWieO1rQ5yd4wFGPhtVEXVlwx7tf7D2HMDGHPI4YqiH0EE6o43o0T_VCBx4QZU2l35AOO-gbWukzCgGccMzf8U847-0WwayNX2yeGCIcP13wGU7bLNwBv6TyHVpITXHJtJI8KWMURZBg_ltTc2wfPTwUBeKkTOXemSfIQT_39R145Pw"
}.
2025-03-04 19:30:15,843 DEBUG    requests_oauthlib.oauth2_session Invoking 0 token response hooks.
2025-03-04 19:30:15,843 DEBUG    requests_oauthlib.oauth2_session Obtained token {'access_token': 'ya29.a0AeXRPp79pMqXNgQdoWn-6fOFzDdMW3BySu5bbSx3iLQDUo4D7XKhjTn9i41zQhXF0LVJjXORB88z5DlGq2Ag6jQroIPU2PqxQvrSZdVYMj8HBxPxP9HoZG2GDPXwkzXBOZVUD65fdY3u2sw0UwFaSJOGEWersd_45Odi3cYGSHhKiQaCgYKAaASARISFQHGX2Mi_5n77GIToxyrCQCe4yeUxQ0181', 'expires_in': 3599, 'refresh_token': '1//04NOoDgvkRvXmCgYIARAAGAQSNwF-L9Irp_vak6mamfgq2GirZwcnMUaTqvP6nvaf_cMpY0fKe3l-C8MqqIe9aBbWTfb11tb7RHA', 'scope': ['https://www.googleapis.com/auth/appengine.admin', 'https://www.googleapis.com/auth/cloud-platform', 'https://www.googleapis.com/auth/compute', 'https://www.googleapis.com/auth/sqlservice.login', 'https://www.googleapis.com/auth/userinfo.email', 'openid', 'https://www.googleapis.com/auth/accounts.reauth'], 'token_type': 'Bearer', 'id_token': 'eyJhbGciOiJSUzI1NiIsImtpZCI6IjI1ZjgyMTE3MTM3ODhiNjE0NTQ3NGI1MDI5YjAxNDFiZDViM2RlOWMiLCJ0eXAiOiJKV1QifQ.eyJpc3MiOiJodHRwczovL2FjY291bnRzLmdvb2dsZS5jb20iLCJhenAiOiIzMjU1NTk0MDU1OS5hcHBzLmdvb2dsZXVzZXJjb250ZW50LmNvbSIsImF1ZCI6IjMyNTU1OTQwNTU5LmFwcHMuZ29vZ2xldXNlcmNvbnRlbnQuY29tIiwic3ViIjoiMTA5NTM1MjM0NzM0NjM1MTAxMTgwIiwiaGQiOiJ0bWQuY28ua2UiLCJlbWFpbCI6ImF1Z3VzdGluZS5tdWdlbmRpQHRtZC5jby5rZSIsImVtYWlsX3ZlcmlmaWVkIjp0cnVlLCJhdF9oYXNoIjoiRllJVU9yTTJ1V3huVW5fOEVhNXV2USIsImlhdCI6MTc0MTExNjYxNSwiZXhwIjoxNzQxMTIwMjE1fQ.Pkp5jGIoOhY_xdHK3LpSCiVh8Gw3gELij2_l8MlrpCvt94AzYvvo07oBifHWVeUdFPHM-rKv_HoIgh3mKuJwZZqzv7FOTBWYEkw47XUxYlyjas_mWcFMpkwdiwPp4c3eO1wUbsDzXxJZSHQCREcxCt4ZrNazcP1AAlsmazAsWieO1rQ5yd4wFGPhtVEXVlwx7tf7D2HMDGHPI4YqiH0EE6o43o0T_VCBx4QZU2l35AOO-gbWukzCgGccMzf8U847-0WwayNX2yeGCIcP13wGU7bLNwBv6TyHVpITXHJtJI8KWMURZBg_ltTc2wfPTwUBeKkTOXemSfIQT_39R145Pw', 'expires_at': 1741120214.8438857}.
2025-03-04 19:30:15,906 INFO     ___FILE_ONLY___ 
You are now logged in as [augustine.mugendi@tmd.co.ke].
Your current project is [None].  You can change this setting by running:
  $ gcloud config set project PROJECT_ID

2025-03-04 19:30:15,906 DEBUG    root            Chosen display Format:none
2025-03-04 19:30:15,906 INFO     root            Display format: "none"
2025-03-04 19:30:16,375 DEBUG    root            SDK update checks are disabled.
