2025-03-03 14:15:30,616 DEBUG    root            Loaded Command Group: ['gcloud', 'components']
2025-03-03 14:15:30,618 DEBUG    root            Loaded Command Group: ['gcloud', 'components', 'update']
2025-03-03 14:15:30,619 DEBUG    root            Running [gcloud.components.update] with arguments: [--quiet: "True", COMPONENT-IDS:8: "['gcloud', 'core', 'bq', 'gsutil', 'compute', 'preview', 'alpha', 'beta']"]
2025-03-03 14:15:30,620 INFO     ___FILE_ONLY___ Beginning update. This process may take several minutes.

2025-03-03 14:15:30,628 DEBUG    urllib3.connectionpool Starting new HTTPS connection (1): dl.google.com:443
2025-03-03 14:15:31,741 DEBUG    urllib3.connectionpool https://dl.google.com:443 "GET /dl/cloudsdk/channels/rapid/components-2.json HTTP/11" 200 226132
2025-03-03 14:15:31,754 WARNING  root            Component [compute] no longer exists.
2025-03-03 14:15:31,754 INFO     ___FILE_ONLY___ 

2025-03-03 14:15:31,755 INFO     ___FILE_ONLY___ 
Your current Google Cloud CLI version is: 512.0.0

2025-03-03 14:15:31,755 INFO     ___FILE_ONLY___ Installing components from version: 512.0.0

2025-03-03 14:15:31,755 INFO     ___FILE_ONLY___ 

2025-03-03 14:15:31,755 DEBUG    root            Chosen display Format:table[box,title="These components will be removed."](details.display_name:label=Name:align=left,version.version_string:label=Version:align=right,data.size.size(zero="",min=1048576):label=Size:align=right)
2025-03-03 14:15:31,756 DEBUG    root            Chosen display Format:table[box,title="These components will be updated."](details.display_name:label=Name:align=left,version.version_string:label=Version:align=right,data.size.size(zero="",min=1048576):label=Size:align=right)
2025-03-03 14:15:31,756 DEBUG    root            Chosen display Format:table[box,title="These components will be installed."](details.display_name:label=Name:align=left,version.version_string:label=Version:align=right,data.size.size(zero="",min=1048576):label=Size:align=right)
2025-03-03 14:15:31,769 INFO     ___FILE_ONLY___ ┌────────────────────────────────────────────────┐
2025-03-03 14:15:31,769 INFO     ___FILE_ONLY___ 

2025-03-03 14:15:31,769 INFO     ___FILE_ONLY___ │      These components will be installed.       │
2025-03-03 14:15:31,769 INFO     ___FILE_ONLY___ 

2025-03-03 14:15:31,769 INFO     ___FILE_ONLY___ ├─────────────────────────┬────────────┬─────────┤
2025-03-03 14:15:31,770 INFO     ___FILE_ONLY___ 

2025-03-03 14:15:31,770 INFO     ___FILE_ONLY___ │           Name          │  Version   │   Size  │
2025-03-03 14:15:31,770 INFO     ___FILE_ONLY___ 

2025-03-03 14:15:31,770 INFO     ___FILE_ONLY___ ├─────────────────────────┼────────────┼─────────┤
2025-03-03 14:15:31,770 INFO     ___FILE_ONLY___ 

2025-03-03 14:15:31,770 INFO     ___FILE_ONLY___ │ 
2025-03-03 14:15:31,770 INFO     ___FILE_ONLY___ gcloud Alpha Commands  
2025-03-03 14:15:31,770 INFO     ___FILE_ONLY___  
2025-03-03 14:15:31,770 INFO     ___FILE_ONLY___ │ 
2025-03-03 14:15:31,770 INFO     ___FILE_ONLY___ 2025.02.21
2025-03-03 14:15:31,770 INFO     ___FILE_ONLY___  
2025-03-03 14:15:31,770 INFO     ___FILE_ONLY___ │ 
2025-03-03 14:15:31,770 INFO     ___FILE_ONLY___ < 1 MiB
2025-03-03 14:15:31,770 INFO     ___FILE_ONLY___  
2025-03-03 14:15:31,770 INFO     ___FILE_ONLY___ │
2025-03-03 14:15:31,770 INFO     ___FILE_ONLY___ 

2025-03-03 14:15:31,770 INFO     ___FILE_ONLY___ │ 
2025-03-03 14:15:31,770 INFO     ___FILE_ONLY___ gcloud Beta Commands   
2025-03-03 14:15:31,770 INFO     ___FILE_ONLY___  
2025-03-03 14:15:31,770 INFO     ___FILE_ONLY___ │ 
2025-03-03 14:15:31,770 INFO     ___FILE_ONLY___ 2025.02.21
2025-03-03 14:15:31,771 INFO     ___FILE_ONLY___  
2025-03-03 14:15:31,771 INFO     ___FILE_ONLY___ │ 
2025-03-03 14:15:31,771 INFO     ___FILE_ONLY___ < 1 MiB
2025-03-03 14:15:31,771 INFO     ___FILE_ONLY___  
2025-03-03 14:15:31,771 INFO     ___FILE_ONLY___ │
2025-03-03 14:15:31,771 INFO     ___FILE_ONLY___ 

2025-03-03 14:15:31,771 INFO     ___FILE_ONLY___ │ 
2025-03-03 14:15:31,771 INFO     ___FILE_ONLY___ gcloud Preview Commands
2025-03-03 14:15:31,771 INFO     ___FILE_ONLY___  
2025-03-03 14:15:31,771 INFO     ___FILE_ONLY___ │ 
2025-03-03 14:15:31,771 INFO     ___FILE_ONLY___           
2025-03-03 14:15:31,771 INFO     ___FILE_ONLY___  
2025-03-03 14:15:31,771 INFO     ___FILE_ONLY___ │ 
2025-03-03 14:15:31,771 INFO     ___FILE_ONLY___ < 1 MiB
2025-03-03 14:15:31,771 INFO     ___FILE_ONLY___  
2025-03-03 14:15:31,771 INFO     ___FILE_ONLY___ │
2025-03-03 14:15:31,771 INFO     ___FILE_ONLY___ 

2025-03-03 14:15:31,771 INFO     ___FILE_ONLY___ └─────────────────────────┴────────────┴─────────┘
2025-03-03 14:15:31,771 INFO     ___FILE_ONLY___ 

2025-03-03 14:15:31,771 INFO     ___FILE_ONLY___ 

2025-03-03 14:15:31,774 DEBUG    urllib3.connectionpool Starting new HTTPS connection (1): dl.google.com:443
2025-03-03 14:15:32,822 DEBUG    urllib3.connectionpool https://dl.google.com:443 "GET /dl/cloudsdk/channels/rapid/RELEASE_NOTES HTTP/11" 200 1370893
2025-03-03 14:15:33,271 INFO     ___FILE_ONLY___ For the latest full release notes, please visit:
  https://cloud.google.com/sdk/release_notes


2025-03-03 14:15:33,271 INFO     ___FILE_ONLY___ Performing in place update...


2025-03-03 14:15:33,273 INFO     ___FILE_ONLY___ ╔════════════════════════════════════════════════════════════╗

2025-03-03 14:15:33,273 INFO     ___FILE_ONLY___ ╠═ Downloading: gcloud Alpha Commands                       ═╣

2025-03-03 14:15:33,273 INFO     ___FILE_ONLY___ ╚
2025-03-03 14:15:33,276 DEBUG    urllib3.connectionpool Starting new HTTPS connection (1): dl.google.com:443
2025-03-03 14:15:34,329 DEBUG    urllib3.connectionpool https://dl.google.com:443 "GET /dl/cloudsdk/channels/rapid/components/google-cloud-sdk-alpha-20250221145621.tar.gz HTTP/11" 200 800
2025-03-03 14:15:34,330 INFO     ___FILE_ONLY___ ════════════════════════════════════════════════════════════
2025-03-03 14:15:34,330 INFO     ___FILE_ONLY___ ╝

2025-03-03 14:15:34,332 INFO     ___FILE_ONLY___ ╔════════════════════════════════════════════════════════════╗

2025-03-03 14:15:34,332 INFO     ___FILE_ONLY___ ╠═ Downloading: gcloud Beta Commands                        ═╣

2025-03-03 14:15:34,332 INFO     ___FILE_ONLY___ ╚
2025-03-03 14:15:34,335 DEBUG    urllib3.connectionpool Starting new HTTPS connection (1): dl.google.com:443
2025-03-03 14:15:35,367 DEBUG    urllib3.connectionpool https://dl.google.com:443 "GET /dl/cloudsdk/channels/rapid/components/google-cloud-sdk-beta-20250221145621.tar.gz HTTP/11" 200 797
2025-03-03 14:15:35,367 INFO     ___FILE_ONLY___ ════════════════════════════════════════════════════════════
2025-03-03 14:15:35,368 INFO     ___FILE_ONLY___ ╝

2025-03-03 14:15:35,369 INFO     ___FILE_ONLY___ ╔════════════════════════════════════════════════════════════╗

2025-03-03 14:15:35,369 INFO     ___FILE_ONLY___ ╠═ Downloading: gcloud Preview Commands                     ═╣

2025-03-03 14:15:35,370 INFO     ___FILE_ONLY___ ╚
2025-03-03 14:15:35,372 DEBUG    urllib3.connectionpool Starting new HTTPS connection (1): dl.google.com:443
2025-03-03 14:15:36,522 DEBUG    urllib3.connectionpool https://dl.google.com:443 "GET /dl/cloudsdk/channels/rapid/components/google-cloud-sdk-preview-20241115154308.tar.gz HTTP/11" 200 823
2025-03-03 14:15:36,523 INFO     ___FILE_ONLY___ ════════════════════════════════════════════════════════════
2025-03-03 14:15:36,523 INFO     ___FILE_ONLY___ ╝

2025-03-03 14:15:36,524 INFO     ___FILE_ONLY___ ╔════════════════════════════════════════════════════════════╗

2025-03-03 14:15:36,525 INFO     ___FILE_ONLY___ ╠═ Installing: gcloud Alpha Commands                        ═╣

2025-03-03 14:15:36,525 INFO     ___FILE_ONLY___ ╚
2025-03-03 14:15:36,526 INFO     ___FILE_ONLY___ ════════════════════════════════════════════════════════════
2025-03-03 14:15:36,526 INFO     ___FILE_ONLY___ ╝

2025-03-03 14:15:36,531 INFO     ___FILE_ONLY___ ╔════════════════════════════════════════════════════════════╗

2025-03-03 14:15:36,531 INFO     ___FILE_ONLY___ ╠═ Installing: gcloud Beta Commands                         ═╣

2025-03-03 14:15:36,531 INFO     ___FILE_ONLY___ ╚
2025-03-03 14:15:36,531 INFO     ___FILE_ONLY___ ════════════════════════════════════════════════════════════
2025-03-03 14:15:36,532 INFO     ___FILE_ONLY___ ╝

2025-03-03 14:15:36,536 INFO     ___FILE_ONLY___ ╔════════════════════════════════════════════════════════════╗

2025-03-03 14:15:36,536 INFO     ___FILE_ONLY___ ╠═ Installing: gcloud Preview Commands                      ═╣

2025-03-03 14:15:36,536 INFO     ___FILE_ONLY___ ╚
2025-03-03 14:15:36,537 INFO     ___FILE_ONLY___ ════════════════════════════════════════════════════════════
2025-03-03 14:15:36,537 INFO     ___FILE_ONLY___ ╝

2025-03-03 14:15:36,542 DEBUG    root            Updating notification cache...
2025-03-03 14:15:36,542 INFO     ___FILE_ONLY___ 

2025-03-03 14:15:36,544 INFO     ___FILE_ONLY___ Performing post processing steps...
2025-03-03 14:15:36,544 DEBUG    root            Executing command: ['/tools/google-cloud-sdk/bin/gcloud', 'components', 'post-process']
2025-03-03 14:15:44,814 DEBUG    ___FILE_ONLY___ 
2025-03-03 14:15:44,814 DEBUG    ___FILE_ONLY___ 
2025-03-03 14:15:45,090 INFO     root            descriptor_list: [{'universeDomain': 'googleapis.com', 'universeShortName': '', 'authenticationDomain': 'auth.cloud.google.com', 'projectPrefix': '', 'cloudWebDomain': 'cloud.google.com', 'documentationDomain': 'cloud.google.com', 'version': '1.0.0', 'state': 'primary'}]
2025-03-03 14:15:45,091 INFO     ___FILE_ONLY___ 
Update done!


2025-03-03 14:15:45,093 DEBUG    root            Chosen display Format:none
2025-03-03 14:15:45,093 INFO     root            Display format: "none"
