2025-03-03 14:15:03,683 DEBUG    root            Loaded Command Group: ['gcloud', 'components']
2025-03-03 14:15:03,686 DEBUG    root            Loaded Command Group: ['gcloud', 'components', 'update']
2025-03-03 14:15:03,688 DEBUG    root            Running [gcloud.components.update] with arguments: [--compile-python: "True", --quiet: "True", COMPONENT-IDS:6: "['core', 'gcloud-deps', 'bq', 'gcloud', 'gcloud-crc32c', 'gsutil']"]
2025-03-03 14:15:03,689 INFO     ___FILE_ONLY___ Beginning update. This process may take several minutes.

2025-03-03 14:15:03,718 DEBUG    urllib3.connectionpool Starting new HTTPS connection (1): dl.google.com:443
2025-03-03 14:15:04,818 DEBUG    urllib3.connectionpool https://dl.google.com:443 "GET /dl/cloudsdk/channels/rapid/components-2.json HTTP/11" 200 226132
2025-03-03 14:15:04,829 INFO     ___FILE_ONLY___ 

2025-03-03 14:15:04,829 INFO     ___FILE_ONLY___ 
Your current Google Cloud CLI version is: 512.0.0

2025-03-03 14:15:04,829 INFO     ___FILE_ONLY___ Installing components from version: 512.0.0

2025-03-03 14:15:04,829 INFO     ___FILE_ONLY___ 

2025-03-03 14:15:04,829 DEBUG    root            Chosen display Format:table[box,title="These components will be removed."](details.display_name:label=Name:align=left,version.version_string:label=Version:align=right,data.size.size(zero="",min=1048576):label=Size:align=right)
2025-03-03 14:15:04,830 DEBUG    root            Chosen display Format:table[box,title="These components will be updated."](details.display_name:label=Name:align=left,version.version_string:label=Version:align=right,data.size.size(zero="",min=1048576):label=Size:align=right)
2025-03-03 14:15:04,830 DEBUG    root            Chosen display Format:table[box,title="These components will be installed."](details.display_name:label=Name:align=left,version.version_string:label=Version:align=right,data.size.size(zero="",min=1048576):label=Size:align=right)
2025-03-03 14:15:04,865 INFO     ___FILE_ONLY___ ┌─────────────────────────────────────────────────────────────────────────────┐
2025-03-03 14:15:04,865 INFO     ___FILE_ONLY___ 

2025-03-03 14:15:04,865 INFO     ___FILE_ONLY___ │                     These components will be installed.                     │
2025-03-03 14:15:04,865 INFO     ___FILE_ONLY___ 

2025-03-03 14:15:04,865 INFO     ___FILE_ONLY___ ├─────────────────────────────────────────────────────┬────────────┬──────────┤
2025-03-03 14:15:04,866 INFO     ___FILE_ONLY___ 

2025-03-03 14:15:04,866 INFO     ___FILE_ONLY___ │                         Name                        │  Version   │   Size   │
2025-03-03 14:15:04,866 INFO     ___FILE_ONLY___ 

2025-03-03 14:15:04,866 INFO     ___FILE_ONLY___ ├─────────────────────────────────────────────────────┼────────────┼──────────┤
2025-03-03 14:15:04,866 INFO     ___FILE_ONLY___ 

2025-03-03 14:15:04,866 INFO     ___FILE_ONLY___ │ 
2025-03-03 14:15:04,866 INFO     ___FILE_ONLY___ BigQuery Command Line Tool                         
2025-03-03 14:15:04,866 INFO     ___FILE_ONLY___  
2025-03-03 14:15:04,866 INFO     ___FILE_ONLY___ │ 
2025-03-03 14:15:04,866 INFO     ___FILE_ONLY___     2.1.13
2025-03-03 14:15:04,866 INFO     ___FILE_ONLY___  
2025-03-03 14:15:04,866 INFO     ___FILE_ONLY___ │ 
2025-03-03 14:15:04,866 INFO     ___FILE_ONLY___  1.8 MiB
2025-03-03 14:15:04,866 INFO     ___FILE_ONLY___  
2025-03-03 14:15:04,866 INFO     ___FILE_ONLY___ │
2025-03-03 14:15:04,866 INFO     ___FILE_ONLY___ 

2025-03-03 14:15:04,866 INFO     ___FILE_ONLY___ │ 
2025-03-03 14:15:04,866 INFO     ___FILE_ONLY___ BigQuery Command Line Tool (Platform Specific)     
2025-03-03 14:15:04,867 INFO     ___FILE_ONLY___  
2025-03-03 14:15:04,867 INFO     ___FILE_ONLY___ │ 
2025-03-03 14:15:04,867 INFO     ___FILE_ONLY___      2.1.8
2025-03-03 14:15:04,867 INFO     ___FILE_ONLY___  
2025-03-03 14:15:04,867 INFO     ___FILE_ONLY___ │ 
2025-03-03 14:15:04,867 INFO     ___FILE_ONLY___  < 1 MiB
2025-03-03 14:15:04,867 INFO     ___FILE_ONLY___  
2025-03-03 14:15:04,867 INFO     ___FILE_ONLY___ │
2025-03-03 14:15:04,867 INFO     ___FILE_ONLY___ 

2025-03-03 14:15:04,867 INFO     ___FILE_ONLY___ │ 
2025-03-03 14:15:04,867 INFO     ___FILE_ONLY___ Bundled Python 3.12 (Platform Specific)            
2025-03-03 14:15:04,867 INFO     ___FILE_ONLY___  
2025-03-03 14:15:04,867 INFO     ___FILE_ONLY___ │ 
2025-03-03 14:15:04,867 INFO     ___FILE_ONLY___     3.12.8
2025-03-03 14:15:04,867 INFO     ___FILE_ONLY___  
2025-03-03 14:15:04,867 INFO     ___FILE_ONLY___ │ 
2025-03-03 14:15:04,867 INFO     ___FILE_ONLY___ 89.2 MiB
2025-03-03 14:15:04,867 INFO     ___FILE_ONLY___  
2025-03-03 14:15:04,867 INFO     ___FILE_ONLY___ │
2025-03-03 14:15:04,867 INFO     ___FILE_ONLY___ 

2025-03-03 14:15:04,867 INFO     ___FILE_ONLY___ │ 
2025-03-03 14:15:04,868 INFO     ___FILE_ONLY___ Cloud Storage Command Line Tool                    
2025-03-03 14:15:04,868 INFO     ___FILE_ONLY___  
2025-03-03 14:15:04,868 INFO     ___FILE_ONLY___ │ 
2025-03-03 14:15:04,868 INFO     ___FILE_ONLY___       5.33
2025-03-03 14:15:04,868 INFO     ___FILE_ONLY___  
2025-03-03 14:15:04,868 INFO     ___FILE_ONLY___ │ 
2025-03-03 14:15:04,868 INFO     ___FILE_ONLY___ 11.8 MiB
2025-03-03 14:15:04,868 INFO     ___FILE_ONLY___  
2025-03-03 14:15:04,868 INFO     ___FILE_ONLY___ │
2025-03-03 14:15:04,868 INFO     ___FILE_ONLY___ 

2025-03-03 14:15:04,868 INFO     ___FILE_ONLY___ │ 
2025-03-03 14:15:04,868 INFO     ___FILE_ONLY___ Cloud Storage Command Line Tool (Platform Specific)
2025-03-03 14:15:04,868 INFO     ___FILE_ONLY___  
2025-03-03 14:15:04,868 INFO     ___FILE_ONLY___ │ 
2025-03-03 14:15:04,868 INFO     ___FILE_ONLY___       5.30
2025-03-03 14:15:04,868 INFO     ___FILE_ONLY___  
2025-03-03 14:15:04,868 INFO     ___FILE_ONLY___ │ 
2025-03-03 14:15:04,868 INFO     ___FILE_ONLY___  < 1 MiB
2025-03-03 14:15:04,868 INFO     ___FILE_ONLY___  
2025-03-03 14:15:04,868 INFO     ___FILE_ONLY___ │
2025-03-03 14:15:04,868 INFO     ___FILE_ONLY___ 

2025-03-03 14:15:04,869 INFO     ___FILE_ONLY___ │ 
2025-03-03 14:15:04,869 INFO     ___FILE_ONLY___ Google Cloud CLI Core Libraries (Platform Specific)
2025-03-03 14:15:04,869 INFO     ___FILE_ONLY___  
2025-03-03 14:15:04,869 INFO     ___FILE_ONLY___ │ 
2025-03-03 14:15:04,869 INFO     ___FILE_ONLY___ 2024.08.30
2025-03-03 14:15:04,869 INFO     ___FILE_ONLY___  
2025-03-03 14:15:04,869 INFO     ___FILE_ONLY___ │ 
2025-03-03 14:15:04,869 INFO     ___FILE_ONLY___  < 1 MiB
2025-03-03 14:15:04,869 INFO     ___FILE_ONLY___  
2025-03-03 14:15:04,869 INFO     ___FILE_ONLY___ │
2025-03-03 14:15:04,869 INFO     ___FILE_ONLY___ 

2025-03-03 14:15:04,869 INFO     ___FILE_ONLY___ │ 
2025-03-03 14:15:04,869 INFO     ___FILE_ONLY___ Google Cloud CRC32C Hash Tool (Platform Specific)  
2025-03-03 14:15:04,869 INFO     ___FILE_ONLY___  
2025-03-03 14:15:04,869 INFO     ___FILE_ONLY___ │ 
2025-03-03 14:15:04,869 INFO     ___FILE_ONLY___      1.0.0
2025-03-03 14:15:04,869 INFO     ___FILE_ONLY___  
2025-03-03 14:15:04,869 INFO     ___FILE_ONLY___ │ 
2025-03-03 14:15:04,869 INFO     ___FILE_ONLY___  1.4 MiB
2025-03-03 14:15:04,869 INFO     ___FILE_ONLY___  
2025-03-03 14:15:04,869 INFO     ___FILE_ONLY___ │
2025-03-03 14:15:04,870 INFO     ___FILE_ONLY___ 

2025-03-03 14:15:04,870 INFO     ___FILE_ONLY___ │ 
2025-03-03 14:15:04,870 INFO     ___FILE_ONLY___ gcloud cli dependencies (Platform Specific)        
2025-03-03 14:15:04,870 INFO     ___FILE_ONLY___  
2025-03-03 14:15:04,870 INFO     ___FILE_ONLY___ │ 
2025-03-03 14:15:04,870 INFO     ___FILE_ONLY___ 2021.04.16
2025-03-03 14:15:04,870 INFO     ___FILE_ONLY___  
2025-03-03 14:15:04,870 INFO     ___FILE_ONLY___ │ 
2025-03-03 14:15:04,870 INFO     ___FILE_ONLY___  < 1 MiB
2025-03-03 14:15:04,870 INFO     ___FILE_ONLY___  
2025-03-03 14:15:04,870 INFO     ___FILE_ONLY___ │
2025-03-03 14:15:04,870 INFO     ___FILE_ONLY___ 

2025-03-03 14:15:04,870 INFO     ___FILE_ONLY___ └─────────────────────────────────────────────────────┴────────────┴──────────┘
2025-03-03 14:15:04,870 INFO     ___FILE_ONLY___ 

2025-03-03 14:15:04,870 INFO     ___FILE_ONLY___ 

2025-03-03 14:15:04,873 DEBUG    urllib3.connectionpool Starting new HTTPS connection (1): dl.google.com:443
2025-03-03 14:15:05,924 DEBUG    urllib3.connectionpool https://dl.google.com:443 "GET /dl/cloudsdk/channels/rapid/RELEASE_NOTES HTTP/11" 200 1370893
2025-03-03 14:15:06,384 INFO     ___FILE_ONLY___ For the latest full release notes, please visit:
  https://cloud.google.com/sdk/release_notes


2025-03-03 14:15:06,384 INFO     ___FILE_ONLY___ Performing in place update...


2025-03-03 14:15:06,386 INFO     ___FILE_ONLY___ ╔════════════════════════════════════════════════════════════╗

2025-03-03 14:15:06,386 INFO     ___FILE_ONLY___ ╠═ Downloading: BigQuery Command Line Tool                  ═╣

2025-03-03 14:15:06,386 INFO     ___FILE_ONLY___ ╚
2025-03-03 14:15:06,389 DEBUG    urllib3.connectionpool Starting new HTTPS connection (1): dl.google.com:443
2025-03-03 14:15:06,597 DEBUG    urllib3.connectionpool https://dl.google.com:443 "GET /dl/cloudsdk/channels/rapid/components/google-cloud-sdk-bq-20250218185346.tar.gz HTTP/11" 200 1840119
2025-03-03 14:15:06,612 INFO     ___FILE_ONLY___ ═
2025-03-03 14:15:06,612 INFO     ___FILE_ONLY___ ═
2025-03-03 14:15:06,612 INFO     ___FILE_ONLY___ ═
2025-03-03 14:15:06,612 INFO     ___FILE_ONLY___ ═
2025-03-03 14:15:06,613 INFO     ___FILE_ONLY___ ═
2025-03-03 14:15:06,613 INFO     ___FILE_ONLY___ ═
2025-03-03 14:15:06,613 INFO     ___FILE_ONLY___ ═
2025-03-03 14:15:06,613 INFO     ___FILE_ONLY___ ═
2025-03-03 14:15:06,613 INFO     ___FILE_ONLY___ ═
2025-03-03 14:15:06,613 INFO     ___FILE_ONLY___ ═
2025-03-03 14:15:06,614 INFO     ___FILE_ONLY___ ═
2025-03-03 14:15:06,614 INFO     ___FILE_ONLY___ ═
2025-03-03 14:15:06,614 INFO     ___FILE_ONLY___ ═
2025-03-03 14:15:06,614 INFO     ___FILE_ONLY___ ═
2025-03-03 14:15:06,614 INFO     ___FILE_ONLY___ ═
2025-03-03 14:15:06,614 INFO     ___FILE_ONLY___ ═
2025-03-03 14:15:06,614 INFO     ___FILE_ONLY___ ═
2025-03-03 14:15:06,614 INFO     ___FILE_ONLY___ ═
2025-03-03 14:15:06,614 INFO     ___FILE_ONLY___ ═
2025-03-03 14:15:06,614 INFO     ___FILE_ONLY___ ═
2025-03-03 14:15:06,614 INFO     ___FILE_ONLY___ ═
2025-03-03 14:15:06,614 INFO     ___FILE_ONLY___ ═
2025-03-03 14:15:06,615 INFO     ___FILE_ONLY___ ═
2025-03-03 14:15:06,615 INFO     ___FILE_ONLY___ ═
2025-03-03 14:15:06,615 INFO     ___FILE_ONLY___ ═
2025-03-03 14:15:06,615 INFO     ___FILE_ONLY___ ═
2025-03-03 14:15:06,615 INFO     ___FILE_ONLY___ ═
2025-03-03 14:15:06,616 INFO     ___FILE_ONLY___ ═
2025-03-03 14:15:06,616 INFO     ___FILE_ONLY___ ═
2025-03-03 14:15:06,616 INFO     ___FILE_ONLY___ ═
2025-03-03 14:15:06,616 INFO     ___FILE_ONLY___ ═
2025-03-03 14:15:06,616 INFO     ___FILE_ONLY___ ═
2025-03-03 14:15:06,616 INFO     ___FILE_ONLY___ ═
2025-03-03 14:15:06,616 INFO     ___FILE_ONLY___ ═
2025-03-03 14:15:06,617 INFO     ___FILE_ONLY___ ═
2025-03-03 14:15:06,617 INFO     ___FILE_ONLY___ ═
2025-03-03 14:15:06,617 INFO     ___FILE_ONLY___ ═
2025-03-03 14:15:06,617 INFO     ___FILE_ONLY___ ═
2025-03-03 14:15:06,617 INFO     ___FILE_ONLY___ ═
2025-03-03 14:15:06,617 INFO     ___FILE_ONLY___ ═
2025-03-03 14:15:06,617 INFO     ___FILE_ONLY___ ═
2025-03-03 14:15:06,618 INFO     ___FILE_ONLY___ ═
2025-03-03 14:15:06,618 INFO     ___FILE_ONLY___ ═
2025-03-03 14:15:06,618 INFO     ___FILE_ONLY___ ═
2025-03-03 14:15:06,618 INFO     ___FILE_ONLY___ ═
2025-03-03 14:15:06,618 INFO     ___FILE_ONLY___ ═
2025-03-03 14:15:06,619 INFO     ___FILE_ONLY___ ═
2025-03-03 14:15:06,619 INFO     ___FILE_ONLY___ ═
2025-03-03 14:15:06,619 INFO     ___FILE_ONLY___ ═
2025-03-03 14:15:06,619 INFO     ___FILE_ONLY___ ═
2025-03-03 14:15:06,619 INFO     ___FILE_ONLY___ ═
2025-03-03 14:15:06,619 INFO     ___FILE_ONLY___ ═
2025-03-03 14:15:06,619 INFO     ___FILE_ONLY___ ═
2025-03-03 14:15:06,619 INFO     ___FILE_ONLY___ ═
2025-03-03 14:15:06,619 INFO     ___FILE_ONLY___ ═
2025-03-03 14:15:06,619 INFO     ___FILE_ONLY___ ═
2025-03-03 14:15:06,619 INFO     ___FILE_ONLY___ ═
2025-03-03 14:15:06,620 INFO     ___FILE_ONLY___ ═
2025-03-03 14:15:06,620 INFO     ___FILE_ONLY___ ═
2025-03-03 14:15:06,620 INFO     ___FILE_ONLY___ ═
2025-03-03 14:15:06,621 INFO     ___FILE_ONLY___ ╝

2025-03-03 14:15:06,622 INFO     ___FILE_ONLY___ ╔════════════════════════════════════════════════════════════╗

2025-03-03 14:15:06,622 INFO     ___FILE_ONLY___ ╠═ Downloading: BigQuery Command Line Tool (Platform Spe... ═╣

2025-03-03 14:15:06,622 INFO     ___FILE_ONLY___ ╚
2025-03-03 14:15:06,625 DEBUG    urllib3.connectionpool Starting new HTTPS connection (1): dl.google.com:443
2025-03-03 14:15:07,773 DEBUG    urllib3.connectionpool https://dl.google.com:443 "GET /dl/cloudsdk/channels/rapid/components/google-cloud-sdk-bq-nix-20240830134514.tar.gz HTTP/11" 200 1914
2025-03-03 14:15:07,774 INFO     ___FILE_ONLY___ ════════════════════════════════════════════════════════════
2025-03-03 14:15:07,774 INFO     ___FILE_ONLY___ ╝

2025-03-03 14:15:07,776 INFO     ___FILE_ONLY___ ╔════════════════════════════════════════════════════════════╗

2025-03-03 14:15:07,776 INFO     ___FILE_ONLY___ ╠═ Downloading: Bundled Python 3.12                         ═╣

2025-03-03 14:15:07,776 INFO     ___FILE_ONLY___ ╚
2025-03-03 14:15:07,776 INFO     ___FILE_ONLY___ ════════════════════════════════════════════════════════════
2025-03-03 14:15:07,776 INFO     ___FILE_ONLY___ ╝

2025-03-03 14:15:07,777 INFO     ___FILE_ONLY___ ╔════════════════════════════════════════════════════════════╗

2025-03-03 14:15:07,777 INFO     ___FILE_ONLY___ ╠═ Downloading: Bundled Python 3.12 (Platform Specific)     ═╣

2025-03-03 14:15:07,778 INFO     ___FILE_ONLY___ ╚
2025-03-03 14:15:07,780 DEBUG    urllib3.connectionpool Starting new HTTPS connection (1): dl.google.com:443
2025-03-03 14:15:08,833 DEBUG    urllib3.connectionpool https://dl.google.com:443 "GET /dl/cloudsdk/channels/rapid/components/google-cloud-sdk-bundled-python3-unix-linux-x86_64-20250131143518.tar.gz HTTP/11" 200 93520256
2025-03-03 14:15:09,168 INFO     ___FILE_ONLY___ ═
2025-03-03 14:15:09,171 INFO     ___FILE_ONLY___ ═
2025-03-03 14:15:09,173 INFO     ___FILE_ONLY___ ═
2025-03-03 14:15:09,176 INFO     ___FILE_ONLY___ ═
2025-03-03 14:15:09,178 INFO     ___FILE_ONLY___ ═
2025-03-03 14:15:09,180 INFO     ___FILE_ONLY___ ═
2025-03-03 14:15:09,182 INFO     ___FILE_ONLY___ ═
2025-03-03 14:15:09,184 INFO     ___FILE_ONLY___ ═
2025-03-03 14:15:09,187 INFO     ___FILE_ONLY___ ═
2025-03-03 14:15:09,189 INFO     ___FILE_ONLY___ ═
2025-03-03 14:15:09,191 INFO     ___FILE_ONLY___ ═
2025-03-03 14:15:09,194 INFO     ___FILE_ONLY___ ═
2025-03-03 14:15:09,196 INFO     ___FILE_ONLY___ ═
2025-03-03 14:15:09,198 INFO     ___FILE_ONLY___ ═
2025-03-03 14:15:09,200 INFO     ___FILE_ONLY___ ═
2025-03-03 14:15:09,202 INFO     ___FILE_ONLY___ ═
2025-03-03 14:15:09,205 INFO     ___FILE_ONLY___ ═
2025-03-03 14:15:09,207 INFO     ___FILE_ONLY___ ═
2025-03-03 14:15:09,209 INFO     ___FILE_ONLY___ ═
2025-03-03 14:15:09,211 INFO     ___FILE_ONLY___ ═
2025-03-03 14:15:09,213 INFO     ___FILE_ONLY___ ═
2025-03-03 14:15:09,215 INFO     ___FILE_ONLY___ ═
2025-03-03 14:15:09,217 INFO     ___FILE_ONLY___ ═
2025-03-03 14:15:09,220 INFO     ___FILE_ONLY___ ═
2025-03-03 14:15:09,222 INFO     ___FILE_ONLY___ ═
2025-03-03 14:15:09,225 INFO     ___FILE_ONLY___ ═
2025-03-03 14:15:09,227 INFO     ___FILE_ONLY___ ═
2025-03-03 14:15:09,231 INFO     ___FILE_ONLY___ ═
2025-03-03 14:15:09,233 INFO     ___FILE_ONLY___ ═
2025-03-03 14:15:09,236 INFO     ___FILE_ONLY___ ═
2025-03-03 14:15:09,239 INFO     ___FILE_ONLY___ ═
2025-03-03 14:15:09,241 INFO     ___FILE_ONLY___ ═
2025-03-03 14:15:09,243 INFO     ___FILE_ONLY___ ═
2025-03-03 14:15:09,246 INFO     ___FILE_ONLY___ ═
2025-03-03 14:15:09,248 INFO     ___FILE_ONLY___ ═
2025-03-03 14:15:09,250 INFO     ___FILE_ONLY___ ═
2025-03-03 14:15:09,252 INFO     ___FILE_ONLY___ ═
2025-03-03 14:15:09,255 INFO     ___FILE_ONLY___ ═
2025-03-03 14:15:09,258 INFO     ___FILE_ONLY___ ═
2025-03-03 14:15:09,260 INFO     ___FILE_ONLY___ ═
2025-03-03 14:15:09,263 INFO     ___FILE_ONLY___ ═
2025-03-03 14:15:09,267 INFO     ___FILE_ONLY___ ═
2025-03-03 14:15:09,269 INFO     ___FILE_ONLY___ ═
2025-03-03 14:15:09,271 INFO     ___FILE_ONLY___ ═
2025-03-03 14:15:09,272 INFO     ___FILE_ONLY___ ═
2025-03-03 14:15:09,275 INFO     ___FILE_ONLY___ ═
2025-03-03 14:15:09,277 INFO     ___FILE_ONLY___ ═
2025-03-03 14:15:09,279 INFO     ___FILE_ONLY___ ═
2025-03-03 14:15:09,280 INFO     ___FILE_ONLY___ ═
2025-03-03 14:15:09,282 INFO     ___FILE_ONLY___ ═
2025-03-03 14:15:09,284 INFO     ___FILE_ONLY___ ═
2025-03-03 14:15:09,287 INFO     ___FILE_ONLY___ ═
2025-03-03 14:15:09,290 INFO     ___FILE_ONLY___ ═
2025-03-03 14:15:09,291 INFO     ___FILE_ONLY___ ═
2025-03-03 14:15:09,294 INFO     ___FILE_ONLY___ ═
2025-03-03 14:15:09,297 INFO     ___FILE_ONLY___ ═
2025-03-03 14:15:09,300 INFO     ___FILE_ONLY___ ═
2025-03-03 14:15:09,302 INFO     ___FILE_ONLY___ ═
2025-03-03 14:15:09,304 INFO     ___FILE_ONLY___ ═
2025-03-03 14:15:09,306 INFO     ___FILE_ONLY___ ═
2025-03-03 14:15:09,306 INFO     ___FILE_ONLY___ ╝

2025-03-03 14:15:09,310 INFO     ___FILE_ONLY___ ╔════════════════════════════════════════════════════════════╗

2025-03-03 14:15:09,310 INFO     ___FILE_ONLY___ ╠═ Downloading: Cloud Storage Command Line Tool             ═╣

2025-03-03 14:15:09,310 INFO     ___FILE_ONLY___ ╚
2025-03-03 14:15:09,314 DEBUG    urllib3.connectionpool Starting new HTTPS connection (1): dl.google.com:443
2025-03-03 14:15:10,402 DEBUG    urllib3.connectionpool https://dl.google.com:443 "GET /dl/cloudsdk/channels/rapid/components/google-cloud-sdk-gsutil-20241213184646.tar.gz HTTP/11" 200 12368759
2025-03-03 14:15:10,444 INFO     ___FILE_ONLY___ ═
2025-03-03 14:15:10,445 INFO     ___FILE_ONLY___ ═
2025-03-03 14:15:10,445 INFO     ___FILE_ONLY___ ═
2025-03-03 14:15:10,446 INFO     ___FILE_ONLY___ ═
2025-03-03 14:15:10,446 INFO     ___FILE_ONLY___ ═
2025-03-03 14:15:10,446 INFO     ___FILE_ONLY___ ═
2025-03-03 14:15:10,446 INFO     ___FILE_ONLY___ ═
2025-03-03 14:15:10,447 INFO     ___FILE_ONLY___ ═
2025-03-03 14:15:10,447 INFO     ___FILE_ONLY___ ═
2025-03-03 14:15:10,447 INFO     ___FILE_ONLY___ ═
2025-03-03 14:15:10,447 INFO     ___FILE_ONLY___ ═
2025-03-03 14:15:10,448 INFO     ___FILE_ONLY___ ═
2025-03-03 14:15:10,448 INFO     ___FILE_ONLY___ ═
2025-03-03 14:15:10,448 INFO     ___FILE_ONLY___ ═
2025-03-03 14:15:10,449 INFO     ___FILE_ONLY___ ═
2025-03-03 14:15:10,449 INFO     ___FILE_ONLY___ ═
2025-03-03 14:15:10,449 INFO     ___FILE_ONLY___ ═
2025-03-03 14:15:10,449 INFO     ___FILE_ONLY___ ═
2025-03-03 14:15:10,450 INFO     ___FILE_ONLY___ ═
2025-03-03 14:15:10,450 INFO     ___FILE_ONLY___ ═
2025-03-03 14:15:10,450 INFO     ___FILE_ONLY___ ═
2025-03-03 14:15:10,450 INFO     ___FILE_ONLY___ ═
2025-03-03 14:15:10,452 INFO     ___FILE_ONLY___ ═
2025-03-03 14:15:10,452 INFO     ___FILE_ONLY___ ═
2025-03-03 14:15:10,452 INFO     ___FILE_ONLY___ ═
2025-03-03 14:15:10,453 INFO     ___FILE_ONLY___ ═
2025-03-03 14:15:10,453 INFO     ___FILE_ONLY___ ═
2025-03-03 14:15:10,453 INFO     ___FILE_ONLY___ ═
2025-03-03 14:15:10,453 INFO     ___FILE_ONLY___ ═
2025-03-03 14:15:10,454 INFO     ___FILE_ONLY___ ═
2025-03-03 14:15:10,454 INFO     ___FILE_ONLY___ ═
2025-03-03 14:15:10,454 INFO     ___FILE_ONLY___ ═
2025-03-03 14:15:10,455 INFO     ___FILE_ONLY___ ═
2025-03-03 14:15:10,455 INFO     ___FILE_ONLY___ ═
2025-03-03 14:15:10,456 INFO     ___FILE_ONLY___ ═
2025-03-03 14:15:10,456 INFO     ___FILE_ONLY___ ═
2025-03-03 14:15:10,456 INFO     ___FILE_ONLY___ ═
2025-03-03 14:15:10,457 INFO     ___FILE_ONLY___ ═
2025-03-03 14:15:10,457 INFO     ___FILE_ONLY___ ═
2025-03-03 14:15:10,458 INFO     ___FILE_ONLY___ ═
2025-03-03 14:15:10,458 INFO     ___FILE_ONLY___ ═
2025-03-03 14:15:10,458 INFO     ___FILE_ONLY___ ═
2025-03-03 14:15:10,458 INFO     ___FILE_ONLY___ ═
2025-03-03 14:15:10,460 INFO     ___FILE_ONLY___ ═
2025-03-03 14:15:10,460 INFO     ___FILE_ONLY___ ═
2025-03-03 14:15:10,461 INFO     ___FILE_ONLY___ ═
2025-03-03 14:15:10,461 INFO     ___FILE_ONLY___ ═
2025-03-03 14:15:10,461 INFO     ___FILE_ONLY___ ═
2025-03-03 14:15:10,462 INFO     ___FILE_ONLY___ ═
2025-03-03 14:15:10,463 INFO     ___FILE_ONLY___ ═
2025-03-03 14:15:10,463 INFO     ___FILE_ONLY___ ═
2025-03-03 14:15:10,463 INFO     ___FILE_ONLY___ ═
2025-03-03 14:15:10,464 INFO     ___FILE_ONLY___ ═
2025-03-03 14:15:10,464 INFO     ___FILE_ONLY___ ═
2025-03-03 14:15:10,465 INFO     ___FILE_ONLY___ ═
2025-03-03 14:15:10,465 INFO     ___FILE_ONLY___ ═
2025-03-03 14:15:10,466 INFO     ___FILE_ONLY___ ═
2025-03-03 14:15:10,466 INFO     ___FILE_ONLY___ ═
2025-03-03 14:15:10,466 INFO     ___FILE_ONLY___ ═
2025-03-03 14:15:10,466 INFO     ___FILE_ONLY___ ═
2025-03-03 14:15:10,466 INFO     ___FILE_ONLY___ ╝

2025-03-03 14:15:10,468 INFO     ___FILE_ONLY___ ╔════════════════════════════════════════════════════════════╗

2025-03-03 14:15:10,468 INFO     ___FILE_ONLY___ ╠═ Downloading: Cloud Storage Command Line Tool (Platfor... ═╣

2025-03-03 14:15:10,468 INFO     ___FILE_ONLY___ ╚
2025-03-03 14:15:10,471 DEBUG    urllib3.connectionpool Starting new HTTPS connection (1): dl.google.com:443
2025-03-03 14:15:11,606 DEBUG    urllib3.connectionpool https://dl.google.com:443 "GET /dl/cloudsdk/channels/rapid/components/google-cloud-sdk-gsutil-nix-20240830134514.tar.gz HTTP/11" 200 1928
2025-03-03 14:15:11,607 INFO     ___FILE_ONLY___ ════════════════════════════════════════════════════════════
2025-03-03 14:15:11,607 INFO     ___FILE_ONLY___ ╝

2025-03-03 14:15:11,609 INFO     ___FILE_ONLY___ ╔════════════════════════════════════════════════════════════╗

2025-03-03 14:15:11,609 INFO     ___FILE_ONLY___ ╠═ Downloading: Default set of gcloud commands              ═╣

2025-03-03 14:15:11,609 INFO     ___FILE_ONLY___ ╚
2025-03-03 14:15:11,609 INFO     ___FILE_ONLY___ ════════════════════════════════════════════════════════════
2025-03-03 14:15:11,609 INFO     ___FILE_ONLY___ ╝

2025-03-03 14:15:11,611 INFO     ___FILE_ONLY___ ╔════════════════════════════════════════════════════════════╗

2025-03-03 14:15:11,611 INFO     ___FILE_ONLY___ ╠═ Downloading: Google Cloud CLI Core Libraries (Platfor... ═╣

2025-03-03 14:15:11,611 INFO     ___FILE_ONLY___ ╚
2025-03-03 14:15:11,614 DEBUG    urllib3.connectionpool Starting new HTTPS connection (1): dl.google.com:443
2025-03-03 14:15:11,832 DEBUG    urllib3.connectionpool https://dl.google.com:443 "GET /dl/cloudsdk/channels/rapid/components/google-cloud-sdk-core-nix-20240830134514.tar.gz HTTP/11" 200 2306
2025-03-03 14:15:11,833 INFO     ___FILE_ONLY___ ════════════════════════════════════════════════════════════
2025-03-03 14:15:11,833 INFO     ___FILE_ONLY___ ╝

2025-03-03 14:15:11,834 INFO     ___FILE_ONLY___ ╔════════════════════════════════════════════════════════════╗

2025-03-03 14:15:11,834 INFO     ___FILE_ONLY___ ╠═ Downloading: Google Cloud CRC32C Hash Tool               ═╣

2025-03-03 14:15:11,834 INFO     ___FILE_ONLY___ ╚
2025-03-03 14:15:11,834 INFO     ___FILE_ONLY___ ════════════════════════════════════════════════════════════
2025-03-03 14:15:11,834 INFO     ___FILE_ONLY___ ╝

2025-03-03 14:15:11,836 INFO     ___FILE_ONLY___ ╔════════════════════════════════════════════════════════════╗

2025-03-03 14:15:11,836 INFO     ___FILE_ONLY___ ╠═ Downloading: Google Cloud CRC32C Hash Tool (Platform ... ═╣

2025-03-03 14:15:11,836 INFO     ___FILE_ONLY___ ╚
2025-03-03 14:15:11,838 DEBUG    urllib3.connectionpool Starting new HTTPS connection (1): dl.google.com:443
2025-03-03 14:15:13,170 DEBUG    urllib3.connectionpool https://dl.google.com:443 "GET /dl/cloudsdk/channels/rapid/components/google-cloud-sdk-gcloud-crc32c-linux-x86_64-20250110133808.tar.gz HTTP/11" 200 1478989
2025-03-03 14:15:14,222 INFO     ___FILE_ONLY___ ═
2025-03-03 14:15:14,222 INFO     ___FILE_ONLY___ ═
2025-03-03 14:15:14,222 INFO     ___FILE_ONLY___ ═
2025-03-03 14:15:14,222 INFO     ___FILE_ONLY___ ═
2025-03-03 14:15:14,222 INFO     ___FILE_ONLY___ ═
2025-03-03 14:15:14,222 INFO     ___FILE_ONLY___ ═
2025-03-03 14:15:14,222 INFO     ___FILE_ONLY___ ═
2025-03-03 14:15:14,222 INFO     ___FILE_ONLY___ ═
2025-03-03 14:15:14,222 INFO     ___FILE_ONLY___ ═
2025-03-03 14:15:14,223 INFO     ___FILE_ONLY___ ═
2025-03-03 14:15:14,223 INFO     ___FILE_ONLY___ ═
2025-03-03 14:15:14,223 INFO     ___FILE_ONLY___ ═
2025-03-03 14:15:14,223 INFO     ___FILE_ONLY___ ═
2025-03-03 14:15:14,223 INFO     ___FILE_ONLY___ ═
2025-03-03 14:15:14,223 INFO     ___FILE_ONLY___ ═
2025-03-03 14:15:14,223 INFO     ___FILE_ONLY___ ═
2025-03-03 14:15:14,223 INFO     ___FILE_ONLY___ ═
2025-03-03 14:15:14,223 INFO     ___FILE_ONLY___ ═
2025-03-03 14:15:14,223 INFO     ___FILE_ONLY___ ═
2025-03-03 14:15:14,223 INFO     ___FILE_ONLY___ ═
2025-03-03 14:15:14,223 INFO     ___FILE_ONLY___ ═
2025-03-03 14:15:14,223 INFO     ___FILE_ONLY___ ═
2025-03-03 14:15:14,224 INFO     ___FILE_ONLY___ ═
2025-03-03 14:15:14,224 INFO     ___FILE_ONLY___ ═
2025-03-03 14:15:14,224 INFO     ___FILE_ONLY___ ═
2025-03-03 14:15:14,224 INFO     ___FILE_ONLY___ ═
2025-03-03 14:15:14,224 INFO     ___FILE_ONLY___ ═
2025-03-03 14:15:14,224 INFO     ___FILE_ONLY___ ═
2025-03-03 14:15:14,224 INFO     ___FILE_ONLY___ ═
2025-03-03 14:15:14,224 INFO     ___FILE_ONLY___ ═
2025-03-03 14:15:14,224 INFO     ___FILE_ONLY___ ═
2025-03-03 14:15:14,224 INFO     ___FILE_ONLY___ ═
2025-03-03 14:15:14,224 INFO     ___FILE_ONLY___ ═
2025-03-03 14:15:14,224 INFO     ___FILE_ONLY___ ═
2025-03-03 14:15:14,224 INFO     ___FILE_ONLY___ ═
2025-03-03 14:15:14,225 INFO     ___FILE_ONLY___ ═
2025-03-03 14:15:14,225 INFO     ___FILE_ONLY___ ═
2025-03-03 14:15:14,225 INFO     ___FILE_ONLY___ ═
2025-03-03 14:15:14,225 INFO     ___FILE_ONLY___ ═
2025-03-03 14:15:14,225 INFO     ___FILE_ONLY___ ═
2025-03-03 14:15:14,225 INFO     ___FILE_ONLY___ ═
2025-03-03 14:15:14,225 INFO     ___FILE_ONLY___ ═
2025-03-03 14:15:14,225 INFO     ___FILE_ONLY___ ═
2025-03-03 14:15:14,225 INFO     ___FILE_ONLY___ ═
2025-03-03 14:15:14,225 INFO     ___FILE_ONLY___ ═
2025-03-03 14:15:14,225 INFO     ___FILE_ONLY___ ═
2025-03-03 14:15:14,225 INFO     ___FILE_ONLY___ ═
2025-03-03 14:15:14,225 INFO     ___FILE_ONLY___ ═
2025-03-03 14:15:14,225 INFO     ___FILE_ONLY___ ═
2025-03-03 14:15:14,226 INFO     ___FILE_ONLY___ ═
2025-03-03 14:15:14,226 INFO     ___FILE_ONLY___ ═
2025-03-03 14:15:14,226 INFO     ___FILE_ONLY___ ═
2025-03-03 14:15:14,226 INFO     ___FILE_ONLY___ ═
2025-03-03 14:15:14,226 INFO     ___FILE_ONLY___ ═
2025-03-03 14:15:14,226 INFO     ___FILE_ONLY___ ═
2025-03-03 14:15:14,226 INFO     ___FILE_ONLY___ ═
2025-03-03 14:15:14,226 INFO     ___FILE_ONLY___ ═
2025-03-03 14:15:14,226 INFO     ___FILE_ONLY___ ═
2025-03-03 14:15:14,226 INFO     ___FILE_ONLY___ ═
2025-03-03 14:15:14,226 INFO     ___FILE_ONLY___ ═
2025-03-03 14:15:14,226 INFO     ___FILE_ONLY___ ╝

2025-03-03 14:15:14,228 INFO     ___FILE_ONLY___ ╔════════════════════════════════════════════════════════════╗

2025-03-03 14:15:14,228 INFO     ___FILE_ONLY___ ╠═ Downloading: gcloud cli dependencies (Platform Specific) ═╣

2025-03-03 14:15:14,228 INFO     ___FILE_ONLY___ ╚
2025-03-03 14:15:14,232 DEBUG    urllib3.connectionpool Starting new HTTPS connection (1): dl.google.com:443
2025-03-03 14:15:15,278 DEBUG    urllib3.connectionpool https://dl.google.com:443 "GET /dl/cloudsdk/channels/rapid/components/google-cloud-sdk-gcloud-deps-linux-x86_64-20210416153011.tar.gz HTTP/11" 200 104
2025-03-03 14:15:15,278 INFO     ___FILE_ONLY___ ════════════════════════════════════════════════════════════
2025-03-03 14:15:15,278 INFO     ___FILE_ONLY___ ╝

2025-03-03 14:15:15,280 INFO     ___FILE_ONLY___ ╔════════════════════════════════════════════════════════════╗

2025-03-03 14:15:15,280 INFO     ___FILE_ONLY___ ╠═ Installing: BigQuery Command Line Tool                   ═╣

2025-03-03 14:15:15,280 INFO     ___FILE_ONLY___ ╚
2025-03-03 14:15:15,375 INFO     ___FILE_ONLY___ ═
2025-03-03 14:15:15,378 INFO     ___FILE_ONLY___ ═
2025-03-03 14:15:15,380 INFO     ___FILE_ONLY___ ═
2025-03-03 14:15:15,383 INFO     ___FILE_ONLY___ ═
2025-03-03 14:15:15,386 INFO     ___FILE_ONLY___ ═
2025-03-03 14:15:15,388 INFO     ___FILE_ONLY___ ═
2025-03-03 14:15:15,390 INFO     ___FILE_ONLY___ ═
2025-03-03 14:15:15,393 INFO     ___FILE_ONLY___ ═
2025-03-03 14:15:15,396 INFO     ___FILE_ONLY___ ═
2025-03-03 14:15:15,398 INFO     ___FILE_ONLY___ ═
2025-03-03 14:15:15,400 INFO     ___FILE_ONLY___ ═
2025-03-03 14:15:15,403 INFO     ___FILE_ONLY___ ═
2025-03-03 14:15:15,405 INFO     ___FILE_ONLY___ ═
2025-03-03 14:15:15,407 INFO     ___FILE_ONLY___ ═
2025-03-03 14:15:15,410 INFO     ___FILE_ONLY___ ═
2025-03-03 14:15:15,412 INFO     ___FILE_ONLY___ ═
2025-03-03 14:15:15,414 INFO     ___FILE_ONLY___ ═
2025-03-03 14:15:15,417 INFO     ___FILE_ONLY___ ═
2025-03-03 14:15:15,419 INFO     ___FILE_ONLY___ ═
2025-03-03 14:15:15,421 INFO     ___FILE_ONLY___ ═
2025-03-03 14:15:15,423 INFO     ___FILE_ONLY___ ═
2025-03-03 14:15:15,425 INFO     ___FILE_ONLY___ ═
2025-03-03 14:15:15,427 INFO     ___FILE_ONLY___ ═
2025-03-03 14:15:15,429 INFO     ___FILE_ONLY___ ═
2025-03-03 14:15:15,431 INFO     ___FILE_ONLY___ ═
2025-03-03 14:15:15,432 INFO     ___FILE_ONLY___ ═
2025-03-03 14:15:15,435 INFO     ___FILE_ONLY___ ═
2025-03-03 14:15:15,437 INFO     ___FILE_ONLY___ ═
2025-03-03 14:15:15,440 INFO     ___FILE_ONLY___ ═
2025-03-03 14:15:15,442 INFO     ___FILE_ONLY___ ═
2025-03-03 14:15:15,444 INFO     ___FILE_ONLY___ ═
2025-03-03 14:15:15,446 INFO     ___FILE_ONLY___ ═
2025-03-03 14:15:15,449 INFO     ___FILE_ONLY___ ═
2025-03-03 14:15:15,453 INFO     ___FILE_ONLY___ ═
2025-03-03 14:15:15,462 INFO     ___FILE_ONLY___ ═
2025-03-03 14:15:15,466 INFO     ___FILE_ONLY___ ═
2025-03-03 14:15:15,468 INFO     ___FILE_ONLY___ ═
2025-03-03 14:15:15,470 INFO     ___FILE_ONLY___ ═
2025-03-03 14:15:15,472 INFO     ___FILE_ONLY___ ═
2025-03-03 14:15:15,475 INFO     ___FILE_ONLY___ ═
2025-03-03 14:15:15,476 INFO     ___FILE_ONLY___ ═
2025-03-03 14:15:15,480 INFO     ___FILE_ONLY___ ═
2025-03-03 14:15:15,483 INFO     ___FILE_ONLY___ ═
2025-03-03 14:15:15,485 INFO     ___FILE_ONLY___ ═
2025-03-03 14:15:15,487 INFO     ___FILE_ONLY___ ═
2025-03-03 14:15:15,489 INFO     ___FILE_ONLY___ ═
2025-03-03 14:15:15,491 INFO     ___FILE_ONLY___ ═
2025-03-03 14:15:15,493 INFO     ___FILE_ONLY___ ═
2025-03-03 14:15:15,495 INFO     ___FILE_ONLY___ ═
2025-03-03 14:15:15,497 INFO     ___FILE_ONLY___ ═
2025-03-03 14:15:15,499 INFO     ___FILE_ONLY___ ═
2025-03-03 14:15:15,501 INFO     ___FILE_ONLY___ ═
2025-03-03 14:15:15,502 INFO     ___FILE_ONLY___ ═
2025-03-03 14:15:15,504 INFO     ___FILE_ONLY___ ═
2025-03-03 14:15:15,506 INFO     ___FILE_ONLY___ ═
2025-03-03 14:15:15,508 INFO     ___FILE_ONLY___ ═
2025-03-03 14:15:15,510 INFO     ___FILE_ONLY___ ═
2025-03-03 14:15:15,512 INFO     ___FILE_ONLY___ ═
2025-03-03 14:15:15,514 INFO     ___FILE_ONLY___ ═
2025-03-03 14:15:15,516 INFO     ___FILE_ONLY___ ═
2025-03-03 14:15:15,516 INFO     ___FILE_ONLY___ ╝

2025-03-03 14:15:15,523 INFO     ___FILE_ONLY___ ╔════════════════════════════════════════════════════════════╗

2025-03-03 14:15:15,523 INFO     ___FILE_ONLY___ ╠═ Installing: BigQuery Command Line Tool (Platform Spec... ═╣

2025-03-03 14:15:15,523 INFO     ___FILE_ONLY___ ╚
2025-03-03 14:15:15,524 INFO     ___FILE_ONLY___ ════════════════════════════════════════════════════════════
2025-03-03 14:15:15,524 INFO     ___FILE_ONLY___ ╝

2025-03-03 14:15:15,528 INFO     ___FILE_ONLY___ ╔════════════════════════════════════════════════════════════╗

2025-03-03 14:15:15,528 INFO     ___FILE_ONLY___ ╠═ Installing: Bundled Python 3.12                          ═╣

2025-03-03 14:15:15,528 INFO     ___FILE_ONLY___ ╚
2025-03-03 14:15:15,530 INFO     ___FILE_ONLY___ ════════════════════════════════════════════════════════════
2025-03-03 14:15:15,530 INFO     ___FILE_ONLY___ ╝

2025-03-03 14:15:15,532 INFO     ___FILE_ONLY___ ╔════════════════════════════════════════════════════════════╗

2025-03-03 14:15:15,532 INFO     ___FILE_ONLY___ ╠═ Installing: Bundled Python 3.12 (Platform Specific)      ═╣

2025-03-03 14:15:15,532 INFO     ___FILE_ONLY___ ╚
2025-03-03 14:15:18,789 INFO     ___FILE_ONLY___ ═
2025-03-03 14:15:19,272 INFO     ___FILE_ONLY___ ═
2025-03-03 14:15:19,293 INFO     ___FILE_ONLY___ ═
2025-03-03 14:15:19,329 INFO     ___FILE_ONLY___ ═
2025-03-03 14:15:19,351 INFO     ___FILE_ONLY___ ═
2025-03-03 14:15:19,366 INFO     ___FILE_ONLY___ ═
2025-03-03 14:15:19,396 INFO     ___FILE_ONLY___ ═
2025-03-03 14:15:19,415 INFO     ___FILE_ONLY___ ═
2025-03-03 14:15:19,434 INFO     ___FILE_ONLY___ ═
2025-03-03 14:15:19,450 INFO     ___FILE_ONLY___ ═
2025-03-03 14:15:19,466 INFO     ___FILE_ONLY___ ═
2025-03-03 14:15:19,491 INFO     ___FILE_ONLY___ ═
2025-03-03 14:15:19,630 INFO     ___FILE_ONLY___ ═
2025-03-03 14:15:19,646 INFO     ___FILE_ONLY___ ═
2025-03-03 14:15:19,662 INFO     ___FILE_ONLY___ ═
2025-03-03 14:15:19,677 INFO     ___FILE_ONLY___ ═
2025-03-03 14:15:19,691 INFO     ___FILE_ONLY___ ═
2025-03-03 14:15:19,707 INFO     ___FILE_ONLY___ ═
2025-03-03 14:15:19,723 INFO     ___FILE_ONLY___ ═
2025-03-03 14:15:19,743 INFO     ___FILE_ONLY___ ═
2025-03-03 14:15:19,758 INFO     ___FILE_ONLY___ ═
2025-03-03 14:15:19,855 INFO     ___FILE_ONLY___ ═
2025-03-03 14:15:19,877 INFO     ___FILE_ONLY___ ═
2025-03-03 14:15:20,376 INFO     ___FILE_ONLY___ ═
2025-03-03 14:15:20,392 INFO     ___FILE_ONLY___ ═
2025-03-03 14:15:20,406 INFO     ___FILE_ONLY___ ═
2025-03-03 14:15:20,419 INFO     ___FILE_ONLY___ ═
2025-03-03 14:15:20,430 INFO     ___FILE_ONLY___ ═
2025-03-03 14:15:20,442 INFO     ___FILE_ONLY___ ═
2025-03-03 14:15:20,454 INFO     ___FILE_ONLY___ ═
2025-03-03 14:15:20,465 INFO     ___FILE_ONLY___ ═
2025-03-03 14:15:20,477 INFO     ___FILE_ONLY___ ═
2025-03-03 14:15:20,488 INFO     ___FILE_ONLY___ ═
2025-03-03 14:15:20,500 INFO     ___FILE_ONLY___ ═
2025-03-03 14:15:20,511 INFO     ___FILE_ONLY___ ═
2025-03-03 14:15:20,522 INFO     ___FILE_ONLY___ ═
2025-03-03 14:15:20,534 INFO     ___FILE_ONLY___ ═
2025-03-03 14:15:20,549 INFO     ___FILE_ONLY___ ═
2025-03-03 14:15:20,560 INFO     ___FILE_ONLY___ ═
2025-03-03 14:15:20,576 INFO     ___FILE_ONLY___ ═
2025-03-03 14:15:20,589 INFO     ___FILE_ONLY___ ═
2025-03-03 14:15:20,600 INFO     ___FILE_ONLY___ ═
2025-03-03 14:15:20,612 INFO     ___FILE_ONLY___ ═
2025-03-03 14:15:20,624 INFO     ___FILE_ONLY___ ═
2025-03-03 14:15:20,635 INFO     ___FILE_ONLY___ ═
2025-03-03 14:15:20,647 INFO     ___FILE_ONLY___ ═
2025-03-03 14:15:20,659 INFO     ___FILE_ONLY___ ═
2025-03-03 14:15:20,671 INFO     ___FILE_ONLY___ ═
2025-03-03 14:15:20,683 INFO     ___FILE_ONLY___ ═
2025-03-03 14:15:20,695 INFO     ___FILE_ONLY___ ═
2025-03-03 14:15:20,706 INFO     ___FILE_ONLY___ ═
2025-03-03 14:15:20,717 INFO     ___FILE_ONLY___ ═
2025-03-03 14:15:20,729 INFO     ___FILE_ONLY___ ═
2025-03-03 14:15:20,740 INFO     ___FILE_ONLY___ ═
2025-03-03 14:15:20,752 INFO     ___FILE_ONLY___ ═
2025-03-03 14:15:20,763 INFO     ___FILE_ONLY___ ═
2025-03-03 14:15:20,774 INFO     ___FILE_ONLY___ ═
2025-03-03 14:15:20,786 INFO     ___FILE_ONLY___ ═
2025-03-03 14:15:20,797 INFO     ___FILE_ONLY___ ═
2025-03-03 14:15:20,809 INFO     ___FILE_ONLY___ ═
2025-03-03 14:15:20,809 INFO     ___FILE_ONLY___ ╝

2025-03-03 14:15:20,857 INFO     ___FILE_ONLY___ ╔════════════════════════════════════════════════════════════╗

2025-03-03 14:15:20,857 INFO     ___FILE_ONLY___ ╠═ Installing: Cloud Storage Command Line Tool              ═╣

2025-03-03 14:15:20,857 INFO     ___FILE_ONLY___ ╚
2025-03-03 14:15:21,432 INFO     ___FILE_ONLY___ ═
2025-03-03 14:15:21,448 INFO     ___FILE_ONLY___ ═
2025-03-03 14:15:21,467 INFO     ___FILE_ONLY___ ═
2025-03-03 14:15:21,483 INFO     ___FILE_ONLY___ ═
2025-03-03 14:15:21,497 INFO     ___FILE_ONLY___ ═
2025-03-03 14:15:21,508 INFO     ___FILE_ONLY___ ═
2025-03-03 14:15:21,521 INFO     ___FILE_ONLY___ ═
2025-03-03 14:15:21,533 INFO     ___FILE_ONLY___ ═
2025-03-03 14:15:21,546 INFO     ___FILE_ONLY___ ═
2025-03-03 14:15:21,558 INFO     ___FILE_ONLY___ ═
2025-03-03 14:15:21,570 INFO     ___FILE_ONLY___ ═
2025-03-03 14:15:21,581 INFO     ___FILE_ONLY___ ═
2025-03-03 14:15:21,590 INFO     ___FILE_ONLY___ ═
2025-03-03 14:15:21,598 INFO     ___FILE_ONLY___ ═
2025-03-03 14:15:21,608 INFO     ___FILE_ONLY___ ═
2025-03-03 14:15:21,617 INFO     ___FILE_ONLY___ ═
2025-03-03 14:15:21,627 INFO     ___FILE_ONLY___ ═
2025-03-03 14:15:21,637 INFO     ___FILE_ONLY___ ═
2025-03-03 14:15:21,647 INFO     ___FILE_ONLY___ ═
2025-03-03 14:15:21,657 INFO     ___FILE_ONLY___ ═
2025-03-03 14:15:21,668 INFO     ___FILE_ONLY___ ═
2025-03-03 14:15:21,682 INFO     ___FILE_ONLY___ ═
2025-03-03 14:15:21,696 INFO     ___FILE_ONLY___ ═
2025-03-03 14:15:21,705 INFO     ___FILE_ONLY___ ═
2025-03-03 14:15:21,716 INFO     ___FILE_ONLY___ ═
2025-03-03 14:15:21,730 INFO     ___FILE_ONLY___ ═
2025-03-03 14:15:21,746 INFO     ___FILE_ONLY___ ═
2025-03-03 14:15:21,763 INFO     ___FILE_ONLY___ ═
2025-03-03 14:15:21,778 INFO     ___FILE_ONLY___ ═
2025-03-03 14:15:21,797 INFO     ___FILE_ONLY___ ═
2025-03-03 14:15:21,807 INFO     ___FILE_ONLY___ ═
2025-03-03 14:15:21,817 INFO     ___FILE_ONLY___ ═
2025-03-03 14:15:21,834 INFO     ___FILE_ONLY___ ═
2025-03-03 14:15:21,846 INFO     ___FILE_ONLY___ ═
2025-03-03 14:15:21,856 INFO     ___FILE_ONLY___ ═
2025-03-03 14:15:21,865 INFO     ___FILE_ONLY___ ═
2025-03-03 14:15:21,874 INFO     ___FILE_ONLY___ ═
2025-03-03 14:15:21,884 INFO     ___FILE_ONLY___ ═
2025-03-03 14:15:21,894 INFO     ___FILE_ONLY___ ═
2025-03-03 14:15:21,904 INFO     ___FILE_ONLY___ ═
2025-03-03 14:15:21,913 INFO     ___FILE_ONLY___ ═
2025-03-03 14:15:21,924 INFO     ___FILE_ONLY___ ═
2025-03-03 14:15:21,933 INFO     ___FILE_ONLY___ ═
2025-03-03 14:15:21,946 INFO     ___FILE_ONLY___ ═
2025-03-03 14:15:21,960 INFO     ___FILE_ONLY___ ═
2025-03-03 14:15:21,970 INFO     ___FILE_ONLY___ ═
2025-03-03 14:15:21,978 INFO     ___FILE_ONLY___ ═
2025-03-03 14:15:21,989 INFO     ___FILE_ONLY___ ═
2025-03-03 14:15:22,001 INFO     ___FILE_ONLY___ ═
2025-03-03 14:15:22,014 INFO     ___FILE_ONLY___ ═
2025-03-03 14:15:22,032 INFO     ___FILE_ONLY___ ═
2025-03-03 14:15:22,044 INFO     ___FILE_ONLY___ ═
2025-03-03 14:15:22,061 INFO     ___FILE_ONLY___ ═
2025-03-03 14:15:22,074 INFO     ___FILE_ONLY___ ═
2025-03-03 14:15:22,112 INFO     ___FILE_ONLY___ ═
2025-03-03 14:15:22,122 INFO     ___FILE_ONLY___ ═
2025-03-03 14:15:22,131 INFO     ___FILE_ONLY___ ═
2025-03-03 14:15:22,141 INFO     ___FILE_ONLY___ ═
2025-03-03 14:15:22,152 INFO     ___FILE_ONLY___ ═
2025-03-03 14:15:22,165 INFO     ___FILE_ONLY___ ═
2025-03-03 14:15:22,165 INFO     ___FILE_ONLY___ ╝

2025-03-03 14:15:22,194 INFO     ___FILE_ONLY___ ╔════════════════════════════════════════════════════════════╗

2025-03-03 14:15:22,194 INFO     ___FILE_ONLY___ ╠═ Installing: Cloud Storage Command Line Tool (Platform... ═╣

2025-03-03 14:15:22,194 INFO     ___FILE_ONLY___ ╚
2025-03-03 14:15:22,195 INFO     ___FILE_ONLY___ ════════════════════════════════════════════════════════════
2025-03-03 14:15:22,195 INFO     ___FILE_ONLY___ ╝

2025-03-03 14:15:22,198 INFO     ___FILE_ONLY___ ╔════════════════════════════════════════════════════════════╗

2025-03-03 14:15:22,199 INFO     ___FILE_ONLY___ ╠═ Installing: Default set of gcloud commands               ═╣

2025-03-03 14:15:22,199 INFO     ___FILE_ONLY___ ╚
2025-03-03 14:15:22,201 INFO     ___FILE_ONLY___ ════════════════════════════════════════════════════════════
2025-03-03 14:15:22,201 INFO     ___FILE_ONLY___ ╝

2025-03-03 14:15:22,202 INFO     ___FILE_ONLY___ ╔════════════════════════════════════════════════════════════╗

2025-03-03 14:15:22,202 INFO     ___FILE_ONLY___ ╠═ Installing: Google Cloud CLI Core Libraries (Platform... ═╣

2025-03-03 14:15:22,202 INFO     ___FILE_ONLY___ ╚
2025-03-03 14:15:22,203 INFO     ___FILE_ONLY___ ══════════════════════════════
2025-03-03 14:15:22,203 INFO     ___FILE_ONLY___ ══════════════════════════════
2025-03-03 14:15:22,203 INFO     ___FILE_ONLY___ ╝

2025-03-03 14:15:22,207 INFO     ___FILE_ONLY___ ╔════════════════════════════════════════════════════════════╗

2025-03-03 14:15:22,207 INFO     ___FILE_ONLY___ ╠═ Installing: Google Cloud CRC32C Hash Tool                ═╣

2025-03-03 14:15:22,207 INFO     ___FILE_ONLY___ ╚
2025-03-03 14:15:22,209 INFO     ___FILE_ONLY___ ════════════════════════════════════════════════════════════
2025-03-03 14:15:22,209 INFO     ___FILE_ONLY___ ╝

2025-03-03 14:15:22,210 INFO     ___FILE_ONLY___ ╔════════════════════════════════════════════════════════════╗

2025-03-03 14:15:22,210 INFO     ___FILE_ONLY___ ╠═ Installing: Google Cloud CRC32C Hash Tool (Platform S... ═╣

2025-03-03 14:15:22,211 INFO     ___FILE_ONLY___ ╚
2025-03-03 14:15:22,248 INFO     ___FILE_ONLY___ ══════════════════════════════
2025-03-03 14:15:22,248 INFO     ___FILE_ONLY___ ══════════════════════════════
2025-03-03 14:15:22,248 INFO     ___FILE_ONLY___ ╝

2025-03-03 14:15:22,252 INFO     ___FILE_ONLY___ ╔════════════════════════════════════════════════════════════╗

2025-03-03 14:15:22,252 INFO     ___FILE_ONLY___ ╠═ Installing: gcloud cli dependencies (Platform Specific)  ═╣

2025-03-03 14:15:22,252 INFO     ___FILE_ONLY___ ╚
2025-03-03 14:15:22,252 INFO     ___FILE_ONLY___ ════════════════════════════════════════════════════════════
2025-03-03 14:15:22,252 INFO     ___FILE_ONLY___ ╝

2025-03-03 14:15:22,257 DEBUG    root            Updating notification cache...
2025-03-03 14:15:22,257 INFO     ___FILE_ONLY___ 

2025-03-03 14:15:22,258 INFO     ___FILE_ONLY___ Performing post processing steps...
2025-03-03 14:15:22,259 DEBUG    root            Executing command: ['/tools/google-cloud-sdk/bin/gcloud', 'components', 'post-process']
2025-03-03 14:15:29,858 DEBUG    ___FILE_ONLY___ 
2025-03-03 14:15:29,858 DEBUG    ___FILE_ONLY___ 
2025-03-03 14:15:30,035 INFO     root            descriptor_list: [{'universeDomain': 'googleapis.com', 'universeShortName': '', 'authenticationDomain': 'auth.cloud.google.com', 'projectPrefix': '', 'cloudWebDomain': 'cloud.google.com', 'documentationDomain': 'cloud.google.com', 'version': '1.0.0', 'state': 'primary'}]
2025-03-03 14:15:30,037 INFO     ___FILE_ONLY___ 
Update done!


2025-03-03 14:15:30,039 DEBUG    root            Chosen display Format:none
2025-03-03 14:15:30,039 INFO     root            Display format: "none"
